This file contains any messages produced by compilers while
running configure, to aid debugging if configure makes a mistake.

It was created by irssi configure 0.8.12, which was
generated by GNU Autoconf 2.61.  Invocation command line was

  $ ./configure --with-modules --with-proxy --enable-ipv6 --enable-ssl --without-textui --with-perl=no

## --------- ##
## Platform. ##
## --------- ##

hostname = Caesium.local
uname -m = i386
uname -r = 9.4.0
uname -s = Darwin
uname -v = Darwin Kernel Version 9.4.0: Mon Jun  9 19:30:53 PDT 2008; root:xnu-1228.5.20~1/RELEASE_I386

/usr/bin/uname -p = i386
/bin/uname -X     = unknown

/bin/arch              = unknown
/usr/bin/arch -k       = unknown
/usr/convex/getsysinfo = unknown
/usr/bin/hostinfo      = Mach kernel version:
	 Darwin Kernel Version 9.4.0: Mon Jun  9 19:30:53 PDT 2008; root:xnu-1228.5.20~1/RELEASE_I386
Kernel configured for up to 4 processors.
4 processors are physically available.
4 processors are logically available.
Processor type: i486 (Intel 80486)
Processors active: 0 1 2 3
Primary memory available: 2.00 gigabytes
Default processor set: 101 tasks, 398 threads, 4 processors
Load average: 1.17, Mach factor: 2.81
/bin/machine           = unknown
/usr/bin/oslevel       = unknown
/bin/universe          = unknown

PATH: /sw/bin
PATH: /sw/sbin
PATH: /Developer/usr/bin
PATH: /usr/bin
PATH: /bin
PATH: /usr/sbin
PATH: /sbin
PATH: /usr/local/bin
PATH: /usr/X11/bin
PATH: /opt/local/bin
PATH: /usr/local/git/bin
PATH: /usr/X11R6/bin


## ----------- ##
## Core tests. ##
## ----------- ##

configure:2062: checking for a BSD-compatible install
configure:2118: result: /usr/bin/install -c
configure:2129: checking whether build environment is sane
configure:2172: result: yes
configure:2237: checking for gawk
configure:2267: result: no
configure:2237: checking for mawk
configure:2267: result: no
configure:2237: checking for nawk
configure:2267: result: no
configure:2237: checking for awk
configure:2253: found /usr/bin/awk
configure:2264: result: awk
configure:2275: checking whether make sets $(MAKE)
configure:2296: result: yes
configure:2472: checking whether to enable maintainer-specific portions of Makefiles
configure:2481: result: no
configure:2509: checking for style of include used by make
configure:2537: result: GNU
configure:2610: checking for gcc
configure:2626: found /Developer/usr/bin/gcc
configure:2637: result: gcc
configure:2875: checking for C compiler version
configure:2882: gcc --version >&5
i686-apple-darwin9-gcc-4.0.1 (GCC) 4.0.1 (Apple Inc. build 5484)
Copyright (C) 2005 Free Software Foundation, Inc.
This is free software; see the source for copying conditions.  There is NO
warranty; not even for MERCHANTABILITY or FITNESS FOR A PARTICULAR PURPOSE.

configure:2885: $? = 0
configure:2892: gcc -v >&5
Using built-in specs.
Target: i686-apple-darwin9
Configured with: /var/tmp/gcc/gcc-5484~1/src/configure --disable-checking -enable-werror --prefix=/usr --mandir=/share/man --enable-languages=c,objc,c++,obj-c++ --program-transform-name=/^[cg][^.-]*$/s/$/-4.0/ --with-gxx-include-dir=/include/c++/4.0.0 --with-slibdir=/usr/lib --build=i686-apple-darwin9 --with-arch=apple --with-tune=generic --host=i686-apple-darwin9 --target=i686-apple-darwin9
Thread model: posix
gcc version 4.0.1 (Apple Inc. build 5484)
configure:2895: $? = 0
configure:2902: gcc -V >&5
gcc-4.0: argument to `-V' is missing
configure:2905: $? = 1
configure:2928: checking for C compiler default output file name
configure:2955: gcc -I/sw/include -I/sw/include -L/sw/lib conftest.c  >&5
configure:2958: $? = 0
configure:2996: result: a.out
configure:3013: checking whether the C compiler works
configure:3023: ./a.out
configure:3026: $? = 0
configure:3043: result: yes
configure:3050: checking whether we are cross compiling
configure:3052: result: no
configure:3055: checking for suffix of executables
configure:3062: gcc -o conftest -I/sw/include -I/sw/include -L/sw/lib conftest.c  >&5
configure:3065: $? = 0
configure:3089: result: 
configure:3095: checking for suffix of object files
configure:3121: gcc -c -I/sw/include -I/sw/include conftest.c >&5
configure:3124: $? = 0
configure:3147: result: o
configure:3151: checking whether we are using the GNU C compiler
configure:3180: gcc -c -I/sw/include -I/sw/include conftest.c >&5
configure:3186: $? = 0
configure:3203: result: yes
configure:3208: checking whether gcc accepts -g
configure:3238: gcc -c -g -I/sw/include conftest.c >&5
configure:3244: $? = 0
configure:3343: result: yes
configure:3360: checking for gcc option to accept ISO C89
configure:3434: gcc  -c -I/sw/include -I/sw/include conftest.c >&5
configure:3440: $? = 0
configure:3463: result: none needed
configure:3483: checking dependency style of gcc
configure:3573: result: gcc3
configure:3591: checking for library containing strerror
configure:3632: gcc -o conftest -I/sw/include -I/sw/include -L/sw/lib conftest.c  >&5
configure:3638: $? = 0
configure:3666: result: none required
configure:3722: checking for gcc
configure:3749: result: gcc
configure:3987: checking for C compiler version
configure:3994: gcc --version >&5
i686-apple-darwin9-gcc-4.0.1 (GCC) 4.0.1 (Apple Inc. build 5484)
Copyright (C) 2005 Free Software Foundation, Inc.
This is free software; see the source for copying conditions.  There is NO
warranty; not even for MERCHANTABILITY or FITNESS FOR A PARTICULAR PURPOSE.

configure:3997: $? = 0
configure:4004: gcc -v >&5
Using built-in specs.
Target: i686-apple-darwin9
Configured with: /var/tmp/gcc/gcc-5484~1/src/configure --disable-checking -enable-werror --prefix=/usr --mandir=/share/man --enable-languages=c,objc,c++,obj-c++ --program-transform-name=/^[cg][^.-]*$/s/$/-4.0/ --with-gxx-include-dir=/include/c++/4.0.0 --with-slibdir=/usr/lib --build=i686-apple-darwin9 --with-arch=apple --with-tune=generic --host=i686-apple-darwin9 --target=i686-apple-darwin9
Thread model: posix
gcc version 4.0.1 (Apple Inc. build 5484)
configure:4007: $? = 0
configure:4014: gcc -V >&5
gcc-4.0: argument to `-V' is missing
configure:4017: $? = 1
configure:4020: checking whether we are using the GNU C compiler
configure:4072: result: yes
configure:4077: checking whether gcc accepts -g
configure:4212: result: yes
configure:4229: checking for gcc option to accept ISO C89
configure:4332: result: none needed
configure:4352: checking dependency style of gcc
configure:4442: result: gcc3
configure:4464: checking how to run the C preprocessor
configure:4504: gcc -E -I/sw/include conftest.c
configure:4510: $? = 0
configure:4541: gcc -E -I/sw/include conftest.c
conftest.c:8:28: error: ac_nonexistent.h: No such file or directory
configure:4547: $? = 1
configure: failed program was:
| /* confdefs.h.  */
| #define PACKAGE_NAME "irssi"
| #define PACKAGE_TARNAME "irssi"
| #define PACKAGE_VERSION "0.8.12"
| #define PACKAGE_STRING "irssi 0.8.12"
| #define PACKAGE_BUGREPORT ""
| /* end confdefs.h.  */
| #include <ac_nonexistent.h>
configure:4580: result: gcc -E
configure:4609: gcc -E -I/sw/include conftest.c
configure:4615: $? = 0
configure:4646: gcc -E -I/sw/include conftest.c
conftest.c:8:28: error: ac_nonexistent.h: No such file or directory
configure:4652: $? = 1
configure: failed program was:
| /* confdefs.h.  */
| #define PACKAGE_NAME "irssi"
| #define PACKAGE_TARNAME "irssi"
| #define PACKAGE_VERSION "0.8.12"
| #define PACKAGE_STRING "irssi 0.8.12"
| #define PACKAGE_BUGREPORT ""
| /* end confdefs.h.  */
| #include <ac_nonexistent.h>
configure:4690: checking for grep that handles long lines and -e
configure:4764: result: /usr/bin/grep
configure:4769: checking for egrep
configure:4847: result: /usr/bin/grep -E
configure:4852: checking for ANSI C header files
configure:4882: gcc -c -I/sw/include -I/sw/include conftest.c >&5
configure:4888: $? = 0
configure:4987: gcc -o conftest -I/sw/include -I/sw/include -L/sw/lib conftest.c  >&5
configure:4990: $? = 0
configure:4996: ./conftest
configure:4999: $? = 0
configure:5016: result: yes
configure:5104: checking build system type
configure:5122: result: i386-apple-darwin9.4.0
configure:5144: checking host system type
configure:5159: result: i386-apple-darwin9.4.0
configure:5181: checking for a sed that does not truncate output
configure:5235: result: /usr/bin/sed
configure:5249: checking for ld used by gcc
configure:5316: result: /Developer/usr/libexec/gcc/i686-apple-darwin9/4.0.1/ld
configure:5325: checking if the linker (/Developer/usr/libexec/gcc/i686-apple-darwin9/4.0.1/ld) is GNU ld
configure:5340: result: no
configure:5345: checking for /Developer/usr/libexec/gcc/i686-apple-darwin9/4.0.1/ld option to reload object files
configure:5352: result: -r
configure:5370: checking for BSD-compatible nm
configure:5419: result: /Developer/usr/bin/nm -p
configure:5423: checking whether ln -s works
configure:5427: result: yes
configure:5434: checking how to recognise dependent libraries
configure:5610: result: pass_all
configure:5852: checking for sys/types.h
configure:5873: gcc -c -I/sw/include -I/sw/include conftest.c >&5
configure:5879: $? = 0
configure:5895: result: yes
configure:5852: checking for sys/stat.h
configure:5873: gcc -c -I/sw/include -I/sw/include conftest.c >&5
configure:5879: $? = 0
configure:5895: result: yes
configure:5852: checking for stdlib.h
configure:5873: gcc -c -I/sw/include -I/sw/include conftest.c >&5
configure:5879: $? = 0
configure:5895: result: yes
configure:5852: checking for string.h
configure:5873: gcc -c -I/sw/include -I/sw/include conftest.c >&5
configure:5879: $? = 0
configure:5895: result: yes
configure:5852: checking for memory.h
configure:5873: gcc -c -I/sw/include -I/sw/include conftest.c >&5
configure:5879: $? = 0
configure:5895: result: yes
configure:5852: checking for strings.h
configure:5873: gcc -c -I/sw/include -I/sw/include conftest.c >&5
configure:5879: $? = 0
configure:5895: result: yes
configure:5852: checking for inttypes.h
configure:5873: gcc -c -I/sw/include -I/sw/include conftest.c >&5
configure:5879: $? = 0
configure:5895: result: yes
configure:5852: checking for stdint.h
configure:5873: gcc -c -I/sw/include -I/sw/include conftest.c >&5
configure:5879: $? = 0
configure:5895: result: yes
configure:5852: checking for unistd.h
configure:5873: gcc -c -I/sw/include -I/sw/include conftest.c >&5
configure:5879: $? = 0
configure:5895: result: yes
configure:5922: checking dlfcn.h usability
configure:5939: gcc -c -I/sw/include -I/sw/include conftest.c >&5
configure:5945: $? = 0
configure:5959: result: yes
configure:5963: checking dlfcn.h presence
configure:5978: gcc -E -I/sw/include conftest.c
configure:5984: $? = 0
configure:5998: result: yes
configure:6026: checking for dlfcn.h
configure:6034: result: yes
configure:6105: checking for g++
configure:6121: found /Developer/usr/bin/g++
configure:6132: result: g++
configure:6163: checking for C++ compiler version
configure:6170: g++ --version >&5
i686-apple-darwin9-g++-4.0.1 (GCC) 4.0.1 (Apple Inc. build 5484)
Copyright (C) 2005 Free Software Foundation, Inc.
This is free software; see the source for copying conditions.  There is NO
warranty; not even for MERCHANTABILITY or FITNESS FOR A PARTICULAR PURPOSE.

configure:6173: $? = 0
configure:6180: g++ -v >&5
Using built-in specs.
Target: i686-apple-darwin9
Configured with: /var/tmp/gcc/gcc-5484~1/src/configure --disable-checking -enable-werror --prefix=/usr --mandir=/share/man --enable-languages=c,objc,c++,obj-c++ --program-transform-name=/^[cg][^.-]*$/s/$/-4.0/ --with-gxx-include-dir=/include/c++/4.0.0 --with-slibdir=/usr/lib --build=i686-apple-darwin9 --with-arch=apple --with-tune=generic --host=i686-apple-darwin9 --target=i686-apple-darwin9
Thread model: posix
gcc version 4.0.1 (Apple Inc. build 5484)
configure:6183: $? = 0
configure:6190: g++ -V >&5
g++-4.0: argument to `-V' is missing
configure:6193: $? = 1
configure:6196: checking whether we are using the GNU C++ compiler
configure:6225: g++ -c -I/sw/include -I/sw/include conftest.cpp >&5
configure:6231: $? = 0
configure:6248: result: yes
configure:6253: checking whether g++ accepts -g
configure:6283: g++ -c -g -I/sw/include conftest.cpp >&5
configure:6289: $? = 0
configure:6388: result: yes
configure:6413: checking dependency style of g++
configure:6503: result: gcc3
configure:6530: checking how to run the C++ preprocessor
configure:6566: g++ -E -I/sw/include conftest.cpp
configure:6572: $? = 0
configure:6603: g++ -E -I/sw/include conftest.cpp
conftest.cpp:19:28: error: ac_nonexistent.h: No such file or directory
configure:6609: $? = 1
configure: failed program was:
| /* confdefs.h.  */
| #define PACKAGE_NAME "irssi"
| #define PACKAGE_TARNAME "irssi"
| #define PACKAGE_VERSION "0.8.12"
| #define PACKAGE_STRING "irssi 0.8.12"
| #define PACKAGE_BUGREPORT ""
| #define STDC_HEADERS 1
| #define HAVE_SYS_TYPES_H 1
| #define HAVE_SYS_STAT_H 1
| #define HAVE_STDLIB_H 1
| #define HAVE_STRING_H 1
| #define HAVE_MEMORY_H 1
| #define HAVE_STRINGS_H 1
| #define HAVE_INTTYPES_H 1
| #define HAVE_STDINT_H 1
| #define HAVE_UNISTD_H 1
| #define HAVE_DLFCN_H 1
| /* end confdefs.h.  */
| #include <ac_nonexistent.h>
configure:6642: result: g++ -E
configure:6671: g++ -E -I/sw/include conftest.cpp
configure:6677: $? = 0
configure:6708: g++ -E -I/sw/include conftest.cpp
conftest.cpp:19:28: error: ac_nonexistent.h: No such file or directory
configure:6714: $? = 1
configure: failed program was:
| /* confdefs.h.  */
| #define PACKAGE_NAME "irssi"
| #define PACKAGE_TARNAME "irssi"
| #define PACKAGE_VERSION "0.8.12"
| #define PACKAGE_STRING "irssi 0.8.12"
| #define PACKAGE_BUGREPORT ""
| #define STDC_HEADERS 1
| #define HAVE_SYS_TYPES_H 1
| #define HAVE_SYS_STAT_H 1
| #define HAVE_STDLIB_H 1
| #define HAVE_STRING_H 1
| #define HAVE_MEMORY_H 1
| #define HAVE_STRINGS_H 1
| #define HAVE_INTTYPES_H 1
| #define HAVE_STDINT_H 1
| #define HAVE_UNISTD_H 1
| #define HAVE_DLFCN_H 1
| /* end confdefs.h.  */
| #include <ac_nonexistent.h>
configure:6807: checking for g77
configure:6837: result: no
configure:6807: checking for xlf
configure:6837: result: no
configure:6807: checking for f77
configure:6837: result: no
configure:6807: checking for frt
configure:6837: result: no
configure:6807: checking for pgf77
configure:6837: result: no
configure:6807: checking for cf77
configure:6837: result: no
configure:6807: checking for fort77
configure:6837: result: no
configure:6807: checking for fl32
configure:6837: result: no
configure:6807: checking for af77
configure:6837: result: no
configure:6807: checking for xlf90
configure:6837: result: no
configure:6807: checking for f90
configure:6837: result: no
configure:6807: checking for pgf90
configure:6837: result: no
configure:6807: checking for pghpf
configure:6837: result: no
configure:6807: checking for epcf90
configure:6837: result: no
configure:6807: checking for gfortran
configure:6837: result: no
configure:6807: checking for g95
configure:6837: result: no
configure:6807: checking for xlf95
configure:6837: result: no
configure:6807: checking for f95
configure:6837: result: no
configure:6807: checking for fort
configure:6837: result: no
configure:6807: checking for ifort
configure:6837: result: no
configure:6807: checking for ifc
configure:6837: result: no
configure:6807: checking for efc
configure:6837: result: no
configure:6807: checking for pgf95
configure:6837: result: no
configure:6807: checking for lf95
configure:6837: result: no
configure:6807: checking for ftn
configure:6837: result: no
configure:6864: checking for Fortran 77 compiler version
configure:6871:  --version >&5
./configure: line 6872: --version: command not found
configure:6874: $? = 127
configure:6881:  -v >&5
./configure: line 6882: -v: command not found
configure:6884: $? = 127
configure:6891:  -V >&5
./configure: line 6892: -V: command not found
configure:6894: $? = 127
configure:6902: checking whether we are using the GNU Fortran 77 compiler
configure:6921:  -c  conftest.F >&5
./configure: line 6922: -c: command not found
configure:6927: $? = 127
configure: failed program was:
|       program main
| #ifndef __GNUC__
|        choke me
| #endif
| 
|       end
configure:6944: result: no
configure:6950: checking whether  accepts -g
configure:6967:  -c -g conftest.f >&5
./configure: line 6968: -c: command not found
configure:6973: $? = 127
configure: failed program was:
|       program main
| 
|       end
configure:6989: result: no
configure:7019: checking the maximum length of command line arguments
configure:7128: result: 196608
configure:7139: checking command to parse /Developer/usr/bin/nm -p output from gcc object
configure:7244: gcc -c -I/sw/include -I/sw/include conftest.c >&5
configure:7247: $? = 0
configure:7251: /Developer/usr/bin/nm -p conftest.o \| sed -n -e 's/^.*[ 	]\([BCDEGRST][BCDEGRST]*\)[ 	][ 	]*\([_A-Za-z][_A-Za-z0-9]*\)$/\1 \2 \2/p' \> conftest.nm
configure:7254: $? = 0
cannot find nm_test_var in conftest.nm
configure:7244: gcc -c -I/sw/include -I/sw/include conftest.c >&5
configure:7247: $? = 0
configure:7251: /Developer/usr/bin/nm -p conftest.o \| sed -n -e 's/^.*[ 	]\([BCDEGRST][BCDEGRST]*\)[ 	][ 	]*_\([_A-Za-z][_A-Za-z0-9]*\)$/\1 _\2 \2/p' \> conftest.nm
configure:7254: $? = 0
configure:7306: gcc -o conftest -I/sw/include -I/sw/include -L/sw/lib conftest.c conftstm.o >&5
configure:7309: $? = 0
configure:7347: result: ok
configure:7351: checking for objdir
configure:7366: result: .libs
configure:7458: checking for ar
configure:7474: found /Developer/usr/bin/ar
configure:7485: result: ar
configure:7554: checking for ranlib
configure:7570: found /Developer/usr/bin/ranlib
configure:7581: result: ranlib
configure:7650: checking for strip
configure:7666: found /Developer/usr/bin/strip
configure:7677: result: strip
configure:7963: checking if gcc supports -fno-rtti -fno-exceptions
configure:7981: gcc -c -I/sw/include -I/sw/include -fno-rtti -fno-exceptions conftest.c >&5
cc1: warning: command line option "-fno-rtti" is valid for C++/ObjC++ but not for C
configure:7985: $? = 0
configure:7998: result: no
configure:8013: checking for gcc option to produce PIC
configure:8223: result: -fno-common
configure:8231: checking if gcc PIC flag -fno-common works
configure:8249: gcc -c -I/sw/include -I/sw/include -fno-common -DPIC conftest.c >&5
configure:8253: $? = 0
configure:8266: result: yes
configure:8294: checking if gcc static flag -static works
configure:8322: result: no
configure:8332: checking if gcc supports -c -o file.o
configure:8353: gcc -c -I/sw/include -I/sw/include -o out/conftest2.o conftest.c >&5
configure:8357: $? = 0
configure:8379: result: yes
configure:8405: checking whether the gcc linker (/Developer/usr/libexec/gcc/i686-apple-darwin9/4.0.1/ld) supports shared libraries
configure:9360: result: yes
configure:9427: checking dynamic linker characteristics
configure:10003: result: darwin9.4.0 dyld
configure:10012: checking how to hardcode library paths into programs
configure:10037: result: immediate
configure:10051: checking whether stripping libraries is possible
configure:10064: result: yes
configure:10857: checking if libtool supports shared libraries
configure:10859: result: yes
configure:10862: checking whether to build shared libraries
configure:10883: result: yes
configure:10886: checking whether to build static libraries
configure:10890: result: yes
configure:10982: creating libtool
configure:11570: checking for ld used by g++
configure:11637: result: /Developer/usr/libexec/gcc/i686-apple-darwin9/4.0.1/ld
configure:11646: checking if the linker (/Developer/usr/libexec/gcc/i686-apple-darwin9/4.0.1/ld) is GNU ld
configure:11661: result: no
configure:11712: checking whether the g++ linker (/Developer/usr/libexec/gcc/i686-apple-darwin9/4.0.1/ld) supports shared libraries
configure:12646: result: yes
configure:12664: g++ -c -I/sw/include -I/sw/include conftest.cpp >&5
configure:12667: $? = 0
configure:12786: checking for g++ option to produce PIC
configure:13060: result: -fno-common
configure:13068: checking if g++ PIC flag -fno-common works
configure:13086: g++ -c -I/sw/include -I/sw/include -fno-common -DPIC conftest.cpp >&5
configure:13090: $? = 0
configure:13103: result: yes
configure:13131: checking if g++ static flag -static works
configure:13159: result: no
configure:13169: checking if g++ supports -c -o file.o
configure:13190: g++ -c -I/sw/include -I/sw/include -o out/conftest2.o conftest.cpp >&5
configure:13194: $? = 0
configure:13216: result: yes
configure:13242: checking whether the g++ linker (/Developer/usr/libexec/gcc/i686-apple-darwin9/4.0.1/ld) supports shared libraries
configure:13270: result: yes
configure:13337: checking dynamic linker characteristics
configure:13913: result: darwin9.4.0 dyld
configure:13922: checking how to hardcode library paths into programs
configure:13947: result: immediate
configure:20068: checking for sed
configure:20086: found /usr/bin/sed
configure:20098: result: /usr/bin/sed
configure:20108: checking for perl
configure:20126: found /usr/bin/perl
configure:20138: result: /usr/bin/perl
configure:20163: checking for string.h
configure:20169: result: yes
configure:20163: checking for stdlib.h
configure:20169: result: yes
configure:20163: checking for unistd.h
configure:20169: result: yes
configure:20173: checking dirent.h usability
configure:20190: gcc -c -I/sw/include -I/sw/include conftest.c >&5
configure:20196: $? = 0
configure:20210: result: yes
configure:20214: checking dirent.h presence
configure:20229: gcc -E -I/sw/include conftest.c
configure:20235: $? = 0
configure:20249: result: yes
configure:20277: checking for dirent.h
configure:20285: result: yes
configure:20173: checking sys/ioctl.h usability
configure:20190: gcc -c -I/sw/include -I/sw/include conftest.c >&5
configure:20196: $? = 0
configure:20210: result: yes
configure:20214: checking sys/ioctl.h presence
configure:20229: gcc -E -I/sw/include conftest.c
configure:20235: $? = 0
configure:20249: result: yes
configure:20277: checking for sys/ioctl.h
configure:20285: result: yes
configure:20173: checking sys/resource.h usability
configure:20190: gcc -c -I/sw/include -I/sw/include conftest.c >&5
configure:20196: $? = 0
configure:20210: result: yes
configure:20214: checking sys/resource.h presence
configure:20229: gcc -E -I/sw/include conftest.c
configure:20235: $? = 0
configure:20249: result: yes
configure:20277: checking for sys/resource.h
configure:20285: result: yes
configure:20317: checking sys/time.h usability
configure:20334: gcc -c -I/sw/include -I/sw/include conftest.c >&5
configure:20340: $? = 0
configure:20354: result: yes
configure:20358: checking sys/time.h presence
configure:20373: gcc -E -I/sw/include conftest.c
configure:20379: $? = 0
configure:20393: result: yes
configure:20421: checking for sys/time.h
configure:20429: result: yes
configure:20317: checking sys/utsname.h usability
configure:20334: gcc -c -I/sw/include -I/sw/include conftest.c >&5
configure:20340: $? = 0
configure:20354: result: yes
configure:20358: checking sys/utsname.h presence
configure:20373: gcc -E -I/sw/include conftest.c
configure:20379: $? = 0
configure:20393: result: yes
configure:20421: checking for sys/utsname.h
configure:20429: result: yes
configure:20317: checking regex.h usability
configure:20334: gcc -c -I/sw/include -I/sw/include conftest.c >&5
configure:20340: $? = 0
configure:20354: result: yes
configure:20358: checking regex.h presence
configure:20373: gcc -E -I/sw/include conftest.c
configure:20379: $? = 0
configure:20393: result: yes
configure:20421: checking for regex.h
configure:20429: result: yes
configure:20450: checking for special C compiler options needed for large files
configure:20543: result: no
configure:20549: checking for _FILE_OFFSET_BITS value needed for large files
configure:20584: gcc -c -I/sw/include -I/sw/include conftest.c >&5
configure:20590: $? = 0
configure:20658: result: no
configure:21022: checking for mkfifo
configure:21078: gcc -o conftest -I/sw/include -I/sw/include -L/sw/lib conftest.c  >&5
configure:21084: $? = 0
configure:21102: result: yes
configure:21022: checking for fcntl
configure:21078: gcc -o conftest -I/sw/include -I/sw/include -L/sw/lib conftest.c  >&5
configure:21084: $? = 0
configure:21102: result: yes
configure:21022: checking for nl_langinfo
configure:21078: gcc -o conftest -I/sw/include -I/sw/include -L/sw/lib conftest.c  >&5
configure:21084: $? = 0
configure:21102: result: yes
configure:21113: checking for socket
configure:21169: gcc -o conftest -I/sw/include -I/sw/include -L/sw/lib conftest.c  >&5
configure:21175: $? = 0
configure:21192: result: yes
configure:21269: checking for inet_addr
configure:21325: gcc -o conftest -I/sw/include -I/sw/include -L/sw/lib conftest.c  >&5
configure:21331: $? = 0
configure:21348: result: yes
configure:21429: checking for socklen_t
configure:21457: gcc -c -I/sw/include -Wall -I/sw/include conftest.c >&5
conftest.c: In function 'main':
conftest.c:37: warning: unused variable 't'
configure:21463: $? = 0
configure:21486: result: yes
configure:21489: checking for int
configure:21519: gcc -c -I/sw/include -Wall -I/sw/include conftest.c >&5
configure:21525: $? = 0
configure:21540: result: yes
configure:21547: checking size of int
configure:21849: gcc -o conftest -I/sw/include -Wall -I/sw/include -L/sw/lib conftest.c  >&5
configure:21852: $? = 0
configure:21858: ./conftest
configure:21861: $? = 0
configure:21884: result: 4
configure:21894: checking for long
configure:21924: gcc -c -I/sw/include -Wall -I/sw/include conftest.c >&5
configure:21930: $? = 0
configure:21945: result: yes
configure:21952: checking size of long
configure:22254: gcc -o conftest -I/sw/include -Wall -I/sw/include -L/sw/lib conftest.c  >&5
configure:22257: $? = 0
configure:22263: ./conftest
configure:22266: $? = 0
configure:22289: result: 4
configure:22299: checking for long long
configure:22329: gcc -c -I/sw/include -Wall -I/sw/include conftest.c >&5
configure:22335: $? = 0
configure:22350: result: yes
configure:22357: checking size of long long
configure:22659: gcc -o conftest -I/sw/include -Wall -I/sw/include -L/sw/lib conftest.c  >&5
configure:22662: $? = 0
configure:22668: ./conftest
configure:22671: $? = 0
configure:22694: result: 8
configure:22704: checking for off_t
configure:22734: gcc -c -I/sw/include -Wall -I/sw/include conftest.c >&5
configure:22740: $? = 0
configure:22755: result: yes
configure:22762: checking size of off_t
configure:23064: gcc -o conftest -I/sw/include -Wall -I/sw/include -L/sw/lib conftest.c  >&5
configure:23067: $? = 0
configure:23073: ./conftest
configure:23076: $? = 0
configure:23099: result: 8
configure:23456: checking for pkg-config
configure:23474: found /usr/local/bin/pkg-config
configure:23486: result: /usr/local/bin/pkg-config
configure:23515: checking pkg-config is at least version 0.7
configure:23518: result: yes
configure:23536: checking for GLIB - version >= 2.0.0
configure:23660: gcc -o conftest -I/sw/include -Wall -I/sw/include/glib-2.0 -I/sw/lib/glib-2.0/include   -I/sw/include -L/sw/lib conftest.c -L/sw/lib -lgmodule-2.0 -lglib-2.0 -lintl -liconv    >&5
configure:23663: $? = 0
configure:23669: ./conftest
configure:23672: $? = 0
configure:23692: result: yes (version 2.12.0)
configure:23814: checking for SSL
configure:23822: $PKG_CONFIG --exists --print-errors "openssl"
Package openssl was not found in the pkg-config search path.
Perhaps you should add the directory containing `openssl.pc'
to the PKG_CONFIG_PATH environment variable
No package 'openssl' found
configure:23825: $? = 1
configure:23840: $PKG_CONFIG --exists --print-errors "openssl"
Package openssl was not found in the pkg-config search path.
Perhaps you should add the directory containing `openssl.pc'
to the PKG_CONFIG_PATH environment variable
No package 'openssl' found
configure:23843: $? = 1
No package 'openssl' found
configure:23871: result: no
configure:23887: checking for SSL_read in -lssl
configure:23922: gcc -o conftest -I/sw/include -Wall -I/sw/include -L/sw/lib conftest.c -lssl -lcrypto  -L/sw/lib -lgmodule-2.0 -lglib-2.0 -lintl -liconv   >&5
configure:23928: $? = 0
configure:23946: result: yes
configure:23966: checking openssl/ssl.h usability
configure:23983: gcc -c -I/sw/include -Wall -I/sw/include conftest.c >&5
configure:23989: $? = 0
configure:24003: result: yes
configure:24007: checking openssl/ssl.h presence
configure:24022: gcc -E -I/sw/include conftest.c
configure:24028: $? = 0
configure:24042: result: yes
configure:24070: checking for openssl/ssl.h
configure:24078: result: yes
configure:23966: checking openssl/err.h usability
configure:23983: gcc -c -I/sw/include -Wall -I/sw/include conftest.c >&5
configure:23989: $? = 0
configure:24003: result: yes
configure:24007: checking openssl/err.h presence
configure:24022: gcc -E -I/sw/include conftest.c
configure:24028: $? = 0
configure:24042: result: yes
configure:24070: checking for openssl/err.h
configure:24078: result: yes
configure:24465: checking if we can link dynamic libraries with modules
configure:24512: result: yes
configure:26990: checking for IPv6
configure:27021: gcc -c -I/sw/include -Wall -I/sw/include conftest.c >&5
conftest.c: In function 'main':
conftest.c:50: warning: unused variable 'i'
configure:27027: $? = 0
configure:27049: result: yes
configure:27245: creating ./config.status

## ---------------------- ##
## Running config.status. ##
## ---------------------- ##

This file was extended by irssi config.status 0.8.12, which was
generated by GNU Autoconf 2.61.  Invocation command line was

  CONFIG_FILES    = 
  CONFIG_HEADERS  = 
  CONFIG_LINKS    = 
  CONFIG_COMMANDS = 
  $ ./config.status 

on Caesium.local

config.status:741: creating Makefile
config.status:741: creating src/Makefile
config.status:741: creating src/core/Makefile
config.status:741: creating src/irc/Makefile
config.status:741: creating src/irc/core/Makefile
config.status:741: creating src/irc/dcc/Makefile
config.status:741: creating src/irc/notifylist/Makefile
config.status:741: creating src/irc/proxy/Makefile
config.status:741: creating src/irc/flood/Makefile
config.status:741: creating src/fe-common/Makefile
config.status:741: creating src/fe-common/core/Makefile
config.status:741: creating src/fe-common/irc/Makefile
config.status:741: creating src/fe-common/irc/dcc/Makefile
config.status:741: creating src/fe-common/irc/notifylist/Makefile
config.status:741: creating src/fe-none/Makefile
config.status:741: creating src/fe-text/Makefile
config.status:741: creating src/lib-config/Makefile
config.status:741: creating src/lib-popt/Makefile
config.status:741: creating src/perl/Makefile
config.status:741: creating src/perl/common/Makefile.PL
config.status:741: creating src/perl/irc/Makefile.PL
config.status:741: creating src/perl/ui/Makefile.PL
config.status:741: creating src/perl/textui/Makefile.PL
config.status:741: creating scripts/Makefile
config.status:741: creating scripts/examples/Makefile
config.status:741: creating docs/Makefile
config.status:741: creating docs/help/Makefile
config.status:741: creating docs/help/in/Makefile
config.status:741: creating irssi-version.h
config.status:741: creating irssi.spec
config.status:741: creating config.h
config.status:983: config.h is unchanged
config.status:1029: executing depfiles commands

## ---------------- ##
## Cache variables. ##
## ---------------- ##

ac_cv_build=i386-apple-darwin9.4.0
ac_cv_c_compiler_gnu=yes
ac_cv_cxx_compiler_gnu=yes
ac_cv_env_CCC_set=
ac_cv_env_CCC_value=
ac_cv_env_CC_set=
ac_cv_env_CC_value=
ac_cv_env_CFLAGS_set=set
ac_cv_env_CFLAGS_value=-I/sw/include
ac_cv_env_CPPFLAGS_set=set
ac_cv_env_CPPFLAGS_value=-I/sw/include
ac_cv_env_CPP_set=
ac_cv_env_CPP_value=
ac_cv_env_CXXCPP_set=
ac_cv_env_CXXCPP_value=
ac_cv_env_CXXFLAGS_set=set
ac_cv_env_CXXFLAGS_value=-I/sw/include
ac_cv_env_CXX_set=
ac_cv_env_CXX_value=
ac_cv_env_F77_set=
ac_cv_env_F77_value=
ac_cv_env_FFLAGS_set=
ac_cv_env_FFLAGS_value=
ac_cv_env_LDFLAGS_set=set
ac_cv_env_LDFLAGS_value=-L/sw/lib
ac_cv_env_LIBS_set=
ac_cv_env_LIBS_value=
ac_cv_env_PKG_CONFIG_set=
ac_cv_env_PKG_CONFIG_value=
ac_cv_env_SSL_CFLAGS_set=
ac_cv_env_SSL_CFLAGS_value=
ac_cv_env_SSL_LIBS_set=
ac_cv_env_SSL_LIBS_value=
ac_cv_env_build_alias_set=
ac_cv_env_build_alias_value=
ac_cv_env_host_alias_set=
ac_cv_env_host_alias_value=
ac_cv_env_target_alias_set=
ac_cv_env_target_alias_value=
ac_cv_f77_compiler_gnu=no
ac_cv_func_fcntl=yes
ac_cv_func_inet_addr=yes
ac_cv_func_mkfifo=yes
ac_cv_func_nl_langinfo=yes
ac_cv_func_socket=yes
ac_cv_header_dirent_h=yes
ac_cv_header_dlfcn_h=yes
ac_cv_header_inttypes_h=yes
ac_cv_header_memory_h=yes
ac_cv_header_openssl_err_h=yes
ac_cv_header_openssl_ssl_h=yes
ac_cv_header_regex_h=yes
ac_cv_header_stdc=yes
ac_cv_header_stdint_h=yes
ac_cv_header_stdlib_h=yes
ac_cv_header_string_h=yes
ac_cv_header_strings_h=yes
ac_cv_header_sys_ioctl_h=yes
ac_cv_header_sys_resource_h=yes
ac_cv_header_sys_stat_h=yes
ac_cv_header_sys_time_h=yes
ac_cv_header_sys_types_h=yes
ac_cv_header_sys_utsname_h=yes
ac_cv_header_unistd_h=yes
ac_cv_host=i386-apple-darwin9.4.0
ac_cv_lib_ssl_SSL_read=yes
ac_cv_objext=o
ac_cv_path_EGREP='/usr/bin/grep -E'
ac_cv_path_GREP=/usr/bin/grep
ac_cv_path_ac_pt_PKG_CONFIG=/usr/local/bin/pkg-config
ac_cv_path_install='/usr/bin/install -c'
ac_cv_path_perlpath=/usr/bin/perl
ac_cv_path_sedpath=/usr/bin/sed
ac_cv_prog_AWK=awk
ac_cv_prog_CPP='gcc -E'
ac_cv_prog_CXXCPP='g++ -E'
ac_cv_prog_ac_ct_AR=ar
ac_cv_prog_ac_ct_CC=gcc
ac_cv_prog_ac_ct_CXX=g++
ac_cv_prog_ac_ct_RANLIB=ranlib
ac_cv_prog_ac_ct_STRIP=strip
ac_cv_prog_cc_c89=
ac_cv_prog_cc_g=yes
ac_cv_prog_cxx_g=yes
ac_cv_prog_f77_g=no
ac_cv_prog_make_make_set=yes
ac_cv_search_strerror='none required'
ac_cv_sizeof_int=4
ac_cv_sizeof_long=4
ac_cv_sizeof_long_long=8
ac_cv_sizeof_off_t=8
ac_cv_sys_file_offset_bits=no
ac_cv_sys_largefile_CC=no
ac_cv_type_int=yes
ac_cv_type_long=yes
ac_cv_type_long_long=yes
ac_cv_type_off_t=yes
am_cv_CC_dependencies_compiler_type=gcc3
am_cv_CXX_dependencies_compiler_type=gcc3
irssi_cv_type_socklen_t=yes
lt_cv_deplibs_check_method=pass_all
lt_cv_file_magic_cmd='$MAGIC_CMD'
lt_cv_file_magic_test_file=
lt_cv_ld_reload_flag=-r
lt_cv_objdir=.libs
lt_cv_path_LD=/Developer/usr/libexec/gcc/i686-apple-darwin9/4.0.1/ld
lt_cv_path_LDCXX=/Developer/usr/libexec/gcc/i686-apple-darwin9/4.0.1/ld
lt_cv_path_NM='/Developer/usr/bin/nm -p'
lt_cv_path_SED=/usr/bin/sed
lt_cv_prog_compiler_c_o=yes
lt_cv_prog_compiler_c_o_CXX=yes
lt_cv_prog_compiler_rtti_exceptions=no
lt_cv_prog_gnu_ld=no
lt_cv_prog_gnu_ldcxx=no
lt_cv_sys_global_symbol_pipe='sed -n -e '\''s/^.*[ 	]\([BCDEGRST][BCDEGRST]*\)[ 	][ 	]*_\([_A-Za-z][_A-Za-z0-9]*\)$/\1 _\2 \2/p'\'''
lt_cv_sys_global_symbol_to_c_name_address='sed -n -e '\''s/^: \([^ ]*\) $/  {\"\1\", (lt_ptr) 0},/p'\'' -e '\''s/^[BCDEGRST] \([^ ]*\) \([^ ]*\)$/  {"\2", (lt_ptr) \&\2},/p'\'''
lt_cv_sys_global_symbol_to_cdecl='sed -n -e '\''s/^. .* \(.*\)$/extern int \1;/p'\'''
lt_cv_sys_max_cmd_len=196608
lt_lt_cv_prog_compiler_c_o='"yes"'
lt_lt_cv_prog_compiler_c_o_CXX='"yes"'
lt_lt_cv_sys_global_symbol_pipe='"sed -n -e '\''s/^.*[ 	]\\([BCDEGRST][BCDEGRST]*\\)[ 	][ 	]*_\\([_A-Za-z][_A-Za-z0-9]*\\)\$/\\1 _\\2 \\2/p'\''"'
lt_lt_cv_sys_global_symbol_to_c_name_address='"sed -n -e '\''s/^: \\([^ ]*\\) \$/  {\\\"\\1\\\", (lt_ptr) 0},/p'\'' -e '\''s/^[BCDEGRST] \\([^ ]*\\) \\([^ ]*\\)\$/  {\"\\2\", (lt_ptr) \\&\\2},/p'\''"'
lt_lt_cv_sys_global_symbol_to_cdecl='"sed -n -e '\''s/^. .* \\(.*\\)\$/extern int \\1;/p'\''"'

## ----------------- ##
## Output variables. ##
## ----------------- ##

ACLOCAL='${SHELL} /Users/matt/Projects/MacIrssi/irssi-0.8.12/missing --run aclocal-1.9'
AMDEPBACKSLASH='\'
AMDEP_FALSE='#'
AMDEP_TRUE=''
AMTAR='${SHELL} /Users/matt/Projects/MacIrssi/irssi-0.8.12/missing --run tar'
AR='ar'
AUTOCONF='${SHELL} /Users/matt/Projects/MacIrssi/irssi-0.8.12/missing --run autoconf'
AUTOHEADER='${SHELL} /Users/matt/Projects/MacIrssi/irssi-0.8.12/missing --run autoheader'
AUTOMAKE='${SHELL} /Users/matt/Projects/MacIrssi/irssi-0.8.12/missing --run automake-1.9'
AWK='awk'
BUILD_IRSSIBOT_FALSE=''
BUILD_IRSSIBOT_TRUE='#'
BUILD_IRSSIPROXY_FALSE='#'
BUILD_IRSSIPROXY_TRUE=''
BUILD_TEXTUI_FALSE=''
BUILD_TEXTUI_TRUE='#'
CC='gcc'
CCDEPMODE='depmode=gcc3'
CFLAGS='-I/sw/include -Wall'
CHAT_MODULES='irc'
COMMON_LIBS='../fe-common/irc/libfe_common_irc.a ../fe-common/irc/dcc/libfe_irc_dcc.a ../fe-common/irc/notifylist/libfe_irc_notifylist.a ../fe-common/core/libfe_common_core.a  ../irc/libirc.a ../irc/core/libirc_core.a ../irc/dcc/libirc_dcc.a ../irc/flood/libirc_flood.a ../irc/notifylist/libirc_notifylist.a ../core/libcore.a ../lib-config/libirssi_config.a ../lib-popt/libpopt.a'
COMMON_NOUI_LIBS=' ../irc/libirc.a ../irc/core/libirc_core.a ../irc/dcc/libirc_dcc.a ../irc/flood/libirc_flood.a ../irc/notifylist/libirc_notifylist.a ../core/libcore.a ../lib-config/libirssi_config.a ../lib-popt/libpopt.a'
CPP='gcc -E'
CPPFLAGS='-I/sw/include'
CURSES_INCLUDEDIR=''
CURSES_LIBS=''
CXX='g++'
CXXCPP='g++ -E'
CXXDEPMODE='depmode=gcc3'
CXXFLAGS='-I/sw/include'
CYGPATH_W='echo'
DEFS='-DHAVE_CONFIG_H'
DEPDIR='.deps'
DYNALOADER_A=''
ECHO='/bin/echo'
ECHO_C='ECHO_N=''
ECHO_T=''
EGREP='/usr/bin/grep -E'
EXEEXT=''
F77=''
FFLAGS=''
GLIB_CFLAGS='-I/sw/include/glib-2.0 -I/sw/lib/glib-2.0/include  '
GLIB_GENMARSHAL='glib-genmarshal'
GLIB_LIBS='-L/sw/lib -lgmodule-2.0 -lglib-2.0 -lintl -liconv  '
GLIB_MKENUMS='glib-mkenums'
GOBJECT_QUERY='gobject-query'
GREP='/usr/bin/grep'
HAVE_PERL_FALSE=''
HAVE_PERL_TRUE='#'
HAVE_STATIC_PERL_FALSE=''
HAVE_STATIC_PERL_TRUE='#'
INSTALL_DATA='${INSTALL} -m 644'
INSTALL_PROGRAM='${INSTALL}'
INSTALL_SCRIPT='${INSTALL}'
INSTALL_STRIP_PROGRAM='${SHELL} $(install_sh) -c -s'
LDFLAGS='-L/sw/lib'
LIBOBJS=''
LIBPERL_A=''
LIBS=''
LIBTOOL='$(SHELL) $(top_builddir)/libtool'
LN_S='ln -s'
LTLIBOBJS=''
MAINT='#'
MAINTAINER_MODE_FALSE=''
MAINTAINER_MODE_TRUE='#'
MAKEINFO='${SHELL} /Users/matt/Projects/MacIrssi/irssi-0.8.12/missing --run makeinfo'
NEED_TPARM_FALSE=''
NEED_TPARM_TRUE='#'
OBJEXT='o'
PACKAGE='irssi'
PACKAGE_BUGREPORT=''
PACKAGE_NAME='irssi'
PACKAGE_STRING='irssi 0.8.12'
PACKAGE_TARNAME='irssi'
PACKAGE_VERSION='0.8.12'
PATH_SEPARATOR=':'
PERL_CFLAGS=''
PERL_EXTRA_OPTS=''
PERL_FE_LINK_LIBS=''
PERL_LDFLAGS=''
PERL_LIBTOOL=''
PERL_LINK_FLAGS=''
PERL_LINK_LIBS=''
PERL_MM_PARAMS=''
PERL_STATIC_LIBS=''
PERL_USE_LIB=''
PKG_CONFIG='/usr/local/bin/pkg-config'
PROG_LIBS=' -L/sw/lib -lgmodule-2.0 -lglib-2.0 -lintl -liconv   -lssl -lcrypto'
RANLIB='ranlib'
SET_MAKE=''
SHELL='/bin/sh'
SSL_CFLAGS=''
SSL_LIBS='-lssl -lcrypto'
STRIP='strip'
TEXTUI_LIBS=''
USE_CURSES_FALSE=''
USE_CURSES_TRUE='#'
VERSION='0.8.12'
VERSION_DATE='20071006'
VERSION_TIME='939'
ac_ct_CC='gcc'
ac_ct_CXX='g++'
ac_ct_F77=''
am__fastdepCC_FALSE='#'
am__fastdepCC_TRUE=''
am__fastdepCXX_FALSE='#'
am__fastdepCXX_TRUE=''
am__include='include'
am__leading_dot='.'
am__quote=''
am__tar='${AMTAR} chof - "$$tardir"'
am__untar='${AMTAR} xf -'
bindir='${exec_prefix}/bin'
build='i386-apple-darwin9.4.0'
build_alias=''
build_cpu='i386'
build_os='darwin9.4.0'
build_vendor='apple'
datadir='${datarootdir}'
datarootdir='${prefix}/share'
docdir='${datarootdir}/doc/${PACKAGE_TARNAME}'
dvidir='${docdir}'
exec_prefix='${prefix}'
host='i386-apple-darwin9.4.0'
host_alias=''
host_cpu='i386'
host_os='darwin9.4.0'
host_vendor='apple'
htmldir='${docdir}'
includedir='${prefix}/include'
infodir='${datarootdir}/info'
install_sh='/Users/matt/Projects/MacIrssi/irssi-0.8.12/install-sh'
irc_MODULES='dcc flood notifylist'
libdir='${exec_prefix}/lib'
libexecdir='${exec_prefix}/libexec'
localedir='${datarootdir}/locale'
localstatedir='${prefix}/var'
mandir='${datarootdir}/man'
mkdir_p='$(install_sh) -d'
oldincludedir='/usr/include'
pdfdir='${docdir}'
perl_module_fe_lib=''
perl_module_lib=''
perl_static_fe_lib=''
perl_static_lib=''
perlpath='/usr/bin/perl'
prefix='/usr/local'
program_transform_name='s,x,x,'
psdir='${docdir}'
sbindir='${exec_prefix}/sbin'
sedpath='/usr/bin/sed'
sharedstatedir='${prefix}/com'
sysconfdir='${prefix}/etc'
target_alias=''

## ----------- ##
## confdefs.h. ##
## ----------- ##

#define PACKAGE_NAME "irssi"
#define PACKAGE_TARNAME "irssi"
#define PACKAGE_VERSION "0.8.12"
#define PACKAGE_STRING "irssi 0.8.12"
#define PACKAGE_BUGREPORT ""
#define STDC_HEADERS 1
#define HAVE_SYS_TYPES_H 1
#define HAVE_SYS_STAT_H 1
#define HAVE_STDLIB_H 1
#define HAVE_STRING_H 1
#define HAVE_MEMORY_H 1
#define HAVE_STRINGS_H 1
#define HAVE_INTTYPES_H 1
#define HAVE_STDINT_H 1
#define HAVE_UNISTD_H 1
#define HAVE_DLFCN_H 1
#define HAVE_STRING_H 1
#define HAVE_STDLIB_H 1
#define HAVE_UNISTD_H 1
#define HAVE_DIRENT_H 1
#define HAVE_SYS_IOCTL_H 1
#define HAVE_SYS_RESOURCE_H 1
#define HAVE_SYS_TIME_H 1
#define HAVE_SYS_UTSNAME_H 1
#define HAVE_REGEX_H 1
#define HAVE_MKFIFO 1
#define HAVE_FCNTL 1
#define HAVE_NL_LANGINFO 1
#define SIZEOF_INT 4
#define SIZEOF_LONG 4
#define SIZEOF_LONG_LONG 8
#define SIZEOF_OFF_T 8
#define PRIuUOFF_T "llu"
#define UOFF_T_LONG_LONG 1
#define HAVE_GMODULE 1
#define HAVE_OPENSSL_SSL_H 1
#define HAVE_OPENSSL_ERR_H 1
#define HAVE_OPENSSL
#define HAVE_IPV6 1

configure: exit 0
