This file contains any messages produced by compilers while
running configure, to aid debugging if configure makes a mistake.

It was created by configure, which was
generated by GNU Autoconf 2.61.  Invocation command line was

  $ ./configure --with-modules --with-proxy --enable-ipv6 --enable-ssl --without-textui --with-perl=yes

## --------- ##
## Platform. ##
## --------- ##

hostname = nils-hjeltes-computer.local
uname -m = i386
uname -r = 9.0.0
uname -s = Darwin
uname -v = Darwin Kernel Version 9.0.0: Tue Oct  9 21:35:55 PDT 2007; root:xnu-1228~1/RELEASE_I386

/usr/bin/uname -p = i386
/bin/uname -X     = unknown

/bin/arch              = unknown
/usr/bin/arch -k       = unknown
/usr/convex/getsysinfo = unknown
/usr/bin/hostinfo      = Mach kernel version:
	 Darwin Kernel Version 9.0.0: Tue Oct  9 21:35:55 PDT 2007; root:xnu-1228~1/RELEASE_I386
Kernel configured for up to 2 processors.
2 processors are physically available.
2 processors are logically available.
Processor type: i486 (Intel 80486)
Processors active: 0 1
Primary memory available: 2.00 gigabytes
Default processor set: 81 tasks, 401 threads, 2 processors
Load average: 0.91, Mach factor: 1.08
/bin/machine           = unknown
/usr/bin/oslevel       = unknown
/bin/universe          = unknown

PATH: /opt/local/bin
PATH: /opt/local/sbin
PATH: /Library/Frameworks/Python.framework/Versions/Current/bin
PATH: /opt/local/bin
PATH: /opt/local/sbin
PATH: /usr/bin
PATH: /bin
PATH: /usr/sbin
PATH: /sbin
PATH: /usr/local/bin
PATH: /usr/X11/bin


## ----------- ##
## Core tests. ##
## ----------- ##

configure:2068: checking for a BSD-compatible install
configure:2124: result: /opt/local/bin/ginstall -c
configure:2135: checking whether build environment is sane
configure:2178: result: yes
configure:2243: checking for gawk
configure:2259: found /opt/local/bin/gawk
configure:2270: result: gawk
configure:2281: checking whether make sets $(MAKE)
configure:2302: result: yes
configure:2487: checking whether to enable maintainer-specific portions of Makefiles
configure:2496: result: no
configure:2524: checking for style of include used by make
configure:2552: result: GNU
configure:2625: checking for gcc
configure:2641: found /usr/bin/gcc
configure:2652: result: gcc
configure:2890: checking for C compiler version
configure:2897: gcc --version >&5
i686-apple-darwin9-gcc-4.0.1 (GCC) 4.0.1 (Apple Inc. build 5465)
Copyright (C) 2005 Free Software Foundation, Inc.
This is free software; see the source for copying conditions.  There is NO
warranty; not even for MERCHANTABILITY or FITNESS FOR A PARTICULAR PURPOSE.

configure:2900: $? = 0
configure:2907: gcc -v >&5
Using built-in specs.
Target: i686-apple-darwin9
Configured with: /var/tmp/gcc/gcc-5465~16/src/configure --disable-checking -enable-werror --prefix=/usr --mandir=/share/man --enable-languages=c,objc,c++,obj-c++ --program-transform-name=/^[cg][^.-]*$/s/$/-4.0/ --with-gxx-include-dir=/include/c++/4.0.0 --with-slibdir=/usr/lib --build=i686-apple-darwin9 --with-arch=apple --with-tune=generic --host=i686-apple-darwin9 --target=i686-apple-darwin9
Thread model: posix
gcc version 4.0.1 (Apple Inc. build 5465)
configure:2910: $? = 0
configure:2917: gcc -V >&5
gcc-4.0: argument to `-V' is missing
configure:2920: $? = 1
configure:2943: checking for C compiler default output file name
configure:2970: gcc -I/opt/local/include  -L/opt/local/lib conftest.c  >&5
configure:2973: $? = 0
configure:3011: result: a.out
configure:3028: checking whether the C compiler works
configure:3038: ./a.out
configure:3041: $? = 0
configure:3058: result: yes
configure:3065: checking whether we are cross compiling
configure:3067: result: no
configure:3070: checking for suffix of executables
configure:3077: gcc -o conftest -I/opt/local/include  -L/opt/local/lib conftest.c  >&5
configure:3080: $? = 0
configure:3104: result: 
configure:3110: checking for suffix of object files
configure:3136: gcc -c -I/opt/local/include  conftest.c >&5
configure:3139: $? = 0
configure:3162: result: o
configure:3166: checking whether we are using the GNU C compiler
configure:3195: gcc -c -I/opt/local/include  conftest.c >&5
configure:3201: $? = 0
configure:3218: result: yes
configure:3223: checking whether gcc accepts -g
configure:3253: gcc -c -g  conftest.c >&5
configure:3259: $? = 0
configure:3358: result: yes
configure:3375: checking for gcc option to accept ISO C89
configure:3449: gcc  -c -I/opt/local/include  conftest.c >&5
configure:3455: $? = 0
configure:3478: result: none needed
configure:3498: checking dependency style of gcc
configure:3588: result: gcc3
configure:3606: checking for library containing strerror
configure:3647: gcc -o conftest -I/opt/local/include  -L/opt/local/lib conftest.c  >&5
configure:3653: $? = 0
configure:3681: result: none required
configure:3737: checking for gcc
configure:3764: result: gcc
configure:4002: checking for C compiler version
configure:4009: gcc --version >&5
i686-apple-darwin9-gcc-4.0.1 (GCC) 4.0.1 (Apple Inc. build 5465)
Copyright (C) 2005 Free Software Foundation, Inc.
This is free software; see the source for copying conditions.  There is NO
warranty; not even for MERCHANTABILITY or FITNESS FOR A PARTICULAR PURPOSE.

configure:4012: $? = 0
configure:4019: gcc -v >&5
Using built-in specs.
Target: i686-apple-darwin9
Configured with: /var/tmp/gcc/gcc-5465~16/src/configure --disable-checking -enable-werror --prefix=/usr --mandir=/share/man --enable-languages=c,objc,c++,obj-c++ --program-transform-name=/^[cg][^.-]*$/s/$/-4.0/ --with-gxx-include-dir=/include/c++/4.0.0 --with-slibdir=/usr/lib --build=i686-apple-darwin9 --with-arch=apple --with-tune=generic --host=i686-apple-darwin9 --target=i686-apple-darwin9
Thread model: posix
gcc version 4.0.1 (Apple Inc. build 5465)
configure:4022: $? = 0
configure:4029: gcc -V >&5
gcc-4.0: argument to `-V' is missing
configure:4032: $? = 1
configure:4035: checking whether we are using the GNU C compiler
configure:4087: result: yes
configure:4092: checking whether gcc accepts -g
configure:4227: result: yes
configure:4244: checking for gcc option to accept ISO C89
configure:4347: result: none needed
configure:4367: checking dependency style of gcc
configure:4457: result: gcc3
configure:4479: checking how to run the C preprocessor
configure:4519: gcc -E  conftest.c
configure:4525: $? = 0
configure:4556: gcc -E  conftest.c
conftest.c:10:28: error: ac_nonexistent.h: No such file or directory
configure:4562: $? = 1
configure: failed program was:
| /* confdefs.h.  */
| #define PACKAGE_NAME ""
| #define PACKAGE_TARNAME ""
| #define PACKAGE_VERSION ""
| #define PACKAGE_STRING ""
| #define PACKAGE_BUGREPORT ""
| #define PACKAGE "irssi"
| #define VERSION "0.8.11"
| /* end confdefs.h.  */
| #include <ac_nonexistent.h>
configure:4595: result: gcc -E
configure:4624: gcc -E  conftest.c
configure:4630: $? = 0
configure:4661: gcc -E  conftest.c
conftest.c:10:28: error: ac_nonexistent.h: No such file or directory
configure:4667: $? = 1
configure: failed program was:
| /* confdefs.h.  */
| #define PACKAGE_NAME ""
| #define PACKAGE_TARNAME ""
| #define PACKAGE_VERSION ""
| #define PACKAGE_STRING ""
| #define PACKAGE_BUGREPORT ""
| #define PACKAGE "irssi"
| #define VERSION "0.8.11"
| /* end confdefs.h.  */
| #include <ac_nonexistent.h>
configure:4705: checking for grep that handles long lines and -e
configure:4779: result: /usr/bin/grep
configure:4784: checking for egrep
configure:4862: result: /usr/bin/grep -E
configure:4867: checking for ANSI C header files
configure:4897: gcc -c -I/opt/local/include  conftest.c >&5
configure:4903: $? = 0
configure:5002: gcc -o conftest -I/opt/local/include  -L/opt/local/lib conftest.c  >&5
configure:5005: $? = 0
configure:5011: ./conftest
configure:5014: $? = 0
configure:5031: result: yes
configure:5119: checking build system type
configure:5137: result: i386-apple-darwin9.0.0
configure:5159: checking host system type
configure:5174: result: i386-apple-darwin9.0.0
configure:5196: checking for a sed that does not truncate output
configure:5250: result: /usr/bin/sed
configure:5264: checking for ld used by gcc
configure:5331: result: /usr/libexec/gcc/i686-apple-darwin9/4.0.1/ld
configure:5340: checking if the linker (/usr/libexec/gcc/i686-apple-darwin9/4.0.1/ld) is GNU ld
configure:5355: result: no
configure:5360: checking for /usr/libexec/gcc/i686-apple-darwin9/4.0.1/ld option to reload object files
configure:5367: result: -r
configure:5385: checking for BSD-compatible nm
configure:5434: result: /usr/bin/nm -p
configure:5438: checking whether ln -s works
configure:5442: result: yes
configure:5449: checking how to recognise dependent libraries
configure:5625: result: pass_all
configure:5867: checking for sys/types.h
configure:5888: gcc -c -I/opt/local/include  conftest.c >&5
configure:5894: $? = 0
configure:5910: result: yes
configure:5867: checking for sys/stat.h
configure:5888: gcc -c -I/opt/local/include  conftest.c >&5
configure:5894: $? = 0
configure:5910: result: yes
configure:5867: checking for stdlib.h
configure:5888: gcc -c -I/opt/local/include  conftest.c >&5
configure:5894: $? = 0
configure:5910: result: yes
configure:5867: checking for string.h
configure:5888: gcc -c -I/opt/local/include  conftest.c >&5
configure:5894: $? = 0
configure:5910: result: yes
configure:5867: checking for memory.h
configure:5888: gcc -c -I/opt/local/include  conftest.c >&5
configure:5894: $? = 0
configure:5910: result: yes
configure:5867: checking for strings.h
configure:5888: gcc -c -I/opt/local/include  conftest.c >&5
configure:5894: $? = 0
configure:5910: result: yes
configure:5867: checking for inttypes.h
configure:5888: gcc -c -I/opt/local/include  conftest.c >&5
configure:5894: $? = 0
configure:5910: result: yes
configure:5867: checking for stdint.h
configure:5888: gcc -c -I/opt/local/include  conftest.c >&5
configure:5894: $? = 0
configure:5910: result: yes
configure:5867: checking for unistd.h
configure:5888: gcc -c -I/opt/local/include  conftest.c >&5
configure:5894: $? = 0
configure:5910: result: yes
configure:5937: checking dlfcn.h usability
configure:5954: gcc -c -I/opt/local/include  conftest.c >&5
configure:5960: $? = 0
configure:5974: result: yes
configure:5978: checking dlfcn.h presence
configure:5993: gcc -E  conftest.c
configure:5999: $? = 0
configure:6013: result: yes
configure:6041: checking for dlfcn.h
configure:6049: result: yes
configure:6120: checking for g++
configure:6136: found /usr/bin/g++
configure:6147: result: g++
configure:6178: checking for C++ compiler version
configure:6185: g++ --version >&5
i686-apple-darwin9-g++-4.0.1 (GCC) 4.0.1 (Apple Inc. build 5465)
Copyright (C) 2005 Free Software Foundation, Inc.
This is free software; see the source for copying conditions.  There is NO
warranty; not even for MERCHANTABILITY or FITNESS FOR A PARTICULAR PURPOSE.

configure:6188: $? = 0
configure:6195: g++ -v >&5
Using built-in specs.
Target: i686-apple-darwin9
Configured with: /var/tmp/gcc/gcc-5465~16/src/configure --disable-checking -enable-werror --prefix=/usr --mandir=/share/man --enable-languages=c,objc,c++,obj-c++ --program-transform-name=/^[cg][^.-]*$/s/$/-4.0/ --with-gxx-include-dir=/include/c++/4.0.0 --with-slibdir=/usr/lib --build=i686-apple-darwin9 --with-arch=apple --with-tune=generic --host=i686-apple-darwin9 --target=i686-apple-darwin9
Thread model: posix
gcc version 4.0.1 (Apple Inc. build 5465)
configure:6198: $? = 0
configure:6205: g++ -V >&5
g++-4.0: argument to `-V' is missing
configure:6208: $? = 1
configure:6211: checking whether we are using the GNU C++ compiler
configure:6240: g++ -c   conftest.cpp >&5
configure:6246: $? = 0
configure:6263: result: yes
configure:6268: checking whether g++ accepts -g
configure:6298: g++ -c -g  conftest.cpp >&5
configure:6304: $? = 0
configure:6403: result: yes
configure:6428: checking dependency style of g++
configure:6518: result: gcc3
configure:6545: checking how to run the C++ preprocessor
configure:6581: g++ -E  conftest.cpp
configure:6587: $? = 0
configure:6618: g++ -E  conftest.cpp
conftest.cpp:21:28: error: ac_nonexistent.h: No such file or directory
configure:6624: $? = 1
configure: failed program was:
| /* confdefs.h.  */
| #define PACKAGE_NAME ""
| #define PACKAGE_TARNAME ""
| #define PACKAGE_VERSION ""
| #define PACKAGE_STRING ""
| #define PACKAGE_BUGREPORT ""
| #define PACKAGE "irssi"
| #define VERSION "0.8.11"
| #define STDC_HEADERS 1
| #define HAVE_SYS_TYPES_H 1
| #define HAVE_SYS_STAT_H 1
| #define HAVE_STDLIB_H 1
| #define HAVE_STRING_H 1
| #define HAVE_MEMORY_H 1
| #define HAVE_STRINGS_H 1
| #define HAVE_INTTYPES_H 1
| #define HAVE_STDINT_H 1
| #define HAVE_UNISTD_H 1
| #define HAVE_DLFCN_H 1
| /* end confdefs.h.  */
| #include <ac_nonexistent.h>
configure:6657: result: g++ -E
configure:6686: g++ -E  conftest.cpp
configure:6692: $? = 0
configure:6723: g++ -E  conftest.cpp
conftest.cpp:21:28: error: ac_nonexistent.h: No such file or directory
configure:6729: $? = 1
configure: failed program was:
| /* confdefs.h.  */
| #define PACKAGE_NAME ""
| #define PACKAGE_TARNAME ""
| #define PACKAGE_VERSION ""
| #define PACKAGE_STRING ""
| #define PACKAGE_BUGREPORT ""
| #define PACKAGE "irssi"
| #define VERSION "0.8.11"
| #define STDC_HEADERS 1
| #define HAVE_SYS_TYPES_H 1
| #define HAVE_SYS_STAT_H 1
| #define HAVE_STDLIB_H 1
| #define HAVE_STRING_H 1
| #define HAVE_MEMORY_H 1
| #define HAVE_STRINGS_H 1
| #define HAVE_INTTYPES_H 1
| #define HAVE_STDINT_H 1
| #define HAVE_UNISTD_H 1
| #define HAVE_DLFCN_H 1
| /* end confdefs.h.  */
| #include <ac_nonexistent.h>
configure:6822: checking for g77
configure:6852: result: no
configure:6822: checking for xlf
configure:6852: result: no
configure:6822: checking for f77
configure:6852: result: no
configure:6822: checking for frt
configure:6852: result: no
configure:6822: checking for pgf77
configure:6852: result: no
configure:6822: checking for cf77
configure:6852: result: no
configure:6822: checking for fort77
configure:6852: result: no
configure:6822: checking for fl32
configure:6852: result: no
configure:6822: checking for af77
configure:6852: result: no
configure:6822: checking for xlf90
configure:6852: result: no
configure:6822: checking for f90
configure:6852: result: no
configure:6822: checking for pgf90
configure:6852: result: no
configure:6822: checking for pghpf
configure:6852: result: no
configure:6822: checking for epcf90
configure:6852: result: no
configure:6822: checking for gfortran
configure:6852: result: no
configure:6822: checking for g95
configure:6852: result: no
configure:6822: checking for xlf95
configure:6852: result: no
configure:6822: checking for f95
configure:6852: result: no
configure:6822: checking for fort
configure:6852: result: no
configure:6822: checking for ifort
configure:6852: result: no
configure:6822: checking for ifc
configure:6852: result: no
configure:6822: checking for efc
configure:6852: result: no
configure:6822: checking for pgf95
configure:6852: result: no
configure:6822: checking for lf95
configure:6852: result: no
configure:6822: checking for ftn
configure:6852: result: no
configure:6879: checking for Fortran 77 compiler version
configure:6886:  --version >&5
./configure: line 6887: --version: command not found
configure:6889: $? = 127
configure:6896:  -v >&5
./configure: line 6897: -v: command not found
configure:6899: $? = 127
configure:6906:  -V >&5
./configure: line 6907: -V: command not found
configure:6909: $? = 127
configure:6917: checking whether we are using the GNU Fortran 77 compiler
configure:6936:  -c  conftest.F >&5
./configure: line 6937: -c: command not found
configure:6942: $? = 127
configure: failed program was:
|       program main
| #ifndef __GNUC__
|        choke me
| #endif
| 
|       end
configure:6959: result: no
configure:6965: checking whether  accepts -g
configure:6982:  -c -g conftest.f >&5
./configure: line 6983: -c: command not found
configure:6988: $? = 127
configure: failed program was:
|       program main
| 
|       end
configure:7004: result: no
configure:7034: checking the maximum length of command line arguments
configure:7143: result: 196608
configure:7154: checking command to parse /usr/bin/nm -p output from gcc object
configure:7259: gcc -c -I/opt/local/include  conftest.c >&5
configure:7262: $? = 0
configure:7266: /usr/bin/nm -p conftest.o \| sed -n -e 's/^.*[ 	]\([BCDEGRST][BCDEGRST]*\)[ 	][ 	]*\([_A-Za-z][_A-Za-z0-9]*\)$/\1 \2 \2/p' \> conftest.nm
configure:7269: $? = 0
cannot find nm_test_var in conftest.nm
configure:7259: gcc -c -I/opt/local/include  conftest.c >&5
configure:7262: $? = 0
configure:7266: /usr/bin/nm -p conftest.o \| sed -n -e 's/^.*[ 	]\([BCDEGRST][BCDEGRST]*\)[ 	][ 	]*_\([_A-Za-z][_A-Za-z0-9]*\)$/\1 _\2 \2/p' \> conftest.nm
configure:7269: $? = 0
configure:7321: gcc -o conftest -I/opt/local/include  -L/opt/local/lib conftest.c conftstm.o >&5
configure:7324: $? = 0
configure:7362: result: ok
configure:7366: checking for objdir
configure:7381: result: .libs
configure:7473: checking for ar
configure:7489: found /usr/bin/ar
configure:7500: result: ar
configure:7569: checking for ranlib
configure:7585: found /usr/bin/ranlib
configure:7596: result: ranlib
configure:7665: checking for strip
configure:7681: found /usr/bin/strip
configure:7692: result: strip
configure:7978: checking if gcc supports -fno-rtti -fno-exceptions
configure:7996: gcc -c -I/opt/local/include  -fno-rtti -fno-exceptions conftest.c >&5
cc1: warning: command line option "-fno-rtti" is valid for C++/ObjC++ but not for C
configure:8000: $? = 0
configure:8013: result: no
configure:8028: checking for gcc option to produce PIC
configure:8238: result: -fno-common
configure:8246: checking if gcc PIC flag -fno-common works
configure:8264: gcc -c -I/opt/local/include  -fno-common -DPIC conftest.c >&5
configure:8268: $? = 0
configure:8281: result: yes
configure:8309: checking if gcc static flag -static works
configure:8337: result: no
configure:8347: checking if gcc supports -c -o file.o
configure:8368: gcc -c -I/opt/local/include  -o out/conftest2.o conftest.c >&5
configure:8372: $? = 0
configure:8394: result: yes
configure:8420: checking whether the gcc linker (/usr/libexec/gcc/i686-apple-darwin9/4.0.1/ld) supports shared libraries
configure:9375: result: yes
configure:9442: checking dynamic linker characteristics
configure:10018: result: darwin9.0.0 dyld
configure:10027: checking how to hardcode library paths into programs
configure:10052: result: immediate
configure:10066: checking whether stripping libraries is possible
configure:10079: result: yes
configure:10872: checking if libtool supports shared libraries
configure:10874: result: yes
configure:10877: checking whether to build shared libraries
configure:10898: result: yes
configure:10901: checking whether to build static libraries
configure:10905: result: yes
configure:10997: creating libtool
configure:11585: checking for ld used by g++
configure:11652: result: /usr/libexec/gcc/i686-apple-darwin9/4.0.1/ld
configure:11661: checking if the linker (/usr/libexec/gcc/i686-apple-darwin9/4.0.1/ld) is GNU ld
configure:11676: result: no
configure:11727: checking whether the g++ linker (/usr/libexec/gcc/i686-apple-darwin9/4.0.1/ld) supports shared libraries
configure:12661: result: yes
configure:12679: g++ -c -g -O2  conftest.cpp >&5
configure:12682: $? = 0
configure:12801: checking for g++ option to produce PIC
configure:13075: result: -fno-common
configure:13083: checking if g++ PIC flag -fno-common works
configure:13101: g++ -c -g -O2  -fno-common -DPIC conftest.cpp >&5
configure:13105: $? = 0
configure:13118: result: yes
configure:13146: checking if g++ static flag -static works
configure:13174: result: no
configure:13184: checking if g++ supports -c -o file.o
configure:13205: g++ -c -g -O2  -o out/conftest2.o conftest.cpp >&5
configure:13209: $? = 0
configure:13231: result: yes
configure:13257: checking whether the g++ linker (/usr/libexec/gcc/i686-apple-darwin9/4.0.1/ld) supports shared libraries
configure:13285: result: yes
configure:13352: checking dynamic linker characteristics
configure:13928: result: darwin9.0.0 dyld
configure:13937: checking how to hardcode library paths into programs
configure:13962: result: immediate
configure:20083: checking for sed
configure:20101: found /usr/bin/sed
configure:20113: result: /usr/bin/sed
configure:20123: checking for perl
configure:20141: found /usr/bin/perl
configure:20153: result: /usr/bin/perl
configure:20178: checking for string.h
configure:20184: result: yes
configure:20178: checking for stdlib.h
configure:20184: result: yes
configure:20178: checking for unistd.h
configure:20184: result: yes
configure:20188: checking dirent.h usability
configure:20205: gcc -c -I/opt/local/include  conftest.c >&5
configure:20211: $? = 0
configure:20225: result: yes
configure:20229: checking dirent.h presence
configure:20244: gcc -E  conftest.c
configure:20250: $? = 0
configure:20264: result: yes
configure:20292: checking for dirent.h
configure:20300: result: yes
configure:20188: checking sys/ioctl.h usability
configure:20205: gcc -c -I/opt/local/include  conftest.c >&5
configure:20211: $? = 0
configure:20225: result: yes
configure:20229: checking sys/ioctl.h presence
configure:20244: gcc -E  conftest.c
configure:20250: $? = 0
configure:20264: result: yes
configure:20292: checking for sys/ioctl.h
configure:20300: result: yes
configure:20188: checking sys/resource.h usability
configure:20205: gcc -c -I/opt/local/include  conftest.c >&5
configure:20211: $? = 0
configure:20225: result: yes
configure:20229: checking sys/resource.h presence
configure:20244: gcc -E  conftest.c
configure:20250: $? = 0
configure:20264: result: yes
configure:20292: checking for sys/resource.h
configure:20300: result: yes
configure:20332: checking sys/time.h usability
configure:20349: gcc -c -I/opt/local/include  conftest.c >&5
configure:20355: $? = 0
configure:20369: result: yes
configure:20373: checking sys/time.h presence
configure:20388: gcc -E  conftest.c
configure:20394: $? = 0
configure:20408: result: yes
configure:20436: checking for sys/time.h
configure:20444: result: yes
configure:20332: checking sys/utsname.h usability
configure:20349: gcc -c -I/opt/local/include  conftest.c >&5
configure:20355: $? = 0
configure:20369: result: yes
configure:20373: checking sys/utsname.h presence
configure:20388: gcc -E  conftest.c
configure:20394: $? = 0
configure:20408: result: yes
configure:20436: checking for sys/utsname.h
configure:20444: result: yes
configure:20332: checking regex.h usability
configure:20349: gcc -c -I/opt/local/include  conftest.c >&5
configure:20355: $? = 0
configure:20369: result: yes
configure:20373: checking regex.h presence
configure:20388: gcc -E  conftest.c
configure:20394: $? = 0
configure:20408: result: yes
configure:20436: checking for regex.h
configure:20444: result: yes
configure:20725: checking for mkfifo
configure:20781: gcc -o conftest -I/opt/local/include  -L/opt/local/lib conftest.c  >&5
configure:20787: $? = 0
configure:20805: result: yes
configure:20725: checking for fcntl
configure:20781: gcc -o conftest -I/opt/local/include  -L/opt/local/lib conftest.c  >&5
configure:20787: $? = 0
configure:20805: result: yes
configure:20725: checking for nl_langinfo
configure:20781: gcc -o conftest -I/opt/local/include  -L/opt/local/lib conftest.c  >&5
configure:20787: $? = 0
configure:20805: result: yes
configure:20816: checking for socket
configure:20872: gcc -o conftest -I/opt/local/include  -L/opt/local/lib conftest.c  >&5
configure:20878: $? = 0
configure:20895: result: yes
configure:20972: checking for inet_addr
configure:21028: gcc -o conftest -I/opt/local/include  -L/opt/local/lib conftest.c  >&5
configure:21034: $? = 0
configure:21051: result: yes
configure:21132: checking for socklen_t
configure:21160: gcc -c -I/opt/local/include -Wall  conftest.c >&5
conftest.c: In function 'main':
conftest.c:39: warning: unused variable 't'
configure:21166: $? = 0
configure:21189: result: yes
configure:21197: checking for int
configure:21227: gcc -c -I/opt/local/include -Wall  conftest.c >&5
configure:21233: $? = 0
configure:21248: result: yes
configure:21255: checking size of int
configure:21557: gcc -o conftest -I/opt/local/include -Wall  -L/opt/local/lib conftest.c  >&5
configure:21560: $? = 0
configure:21566: ./conftest
configure:21569: $? = 0
configure:21592: result: 4
configure:21602: checking for long
configure:21632: gcc -c -I/opt/local/include -Wall  conftest.c >&5
configure:21638: $? = 0
configure:21653: result: yes
configure:21660: checking size of long
configure:21962: gcc -o conftest -I/opt/local/include -Wall  -L/opt/local/lib conftest.c  >&5
configure:21965: $? = 0
configure:21971: ./conftest
configure:21974: $? = 0
configure:21997: result: 4
configure:22007: checking for long long
configure:22037: gcc -c -I/opt/local/include -Wall  conftest.c >&5
configure:22043: $? = 0
configure:22058: result: yes
configure:22065: checking size of long long
configure:22367: gcc -o conftest -I/opt/local/include -Wall  -L/opt/local/lib conftest.c  >&5
configure:22370: $? = 0
configure:22376: ./conftest
configure:22379: $? = 0
configure:22402: result: 8
configure:22412: checking for off_t
configure:22442: gcc -c -I/opt/local/include -Wall  conftest.c >&5
configure:22448: $? = 0
configure:22463: result: yes
configure:22470: checking size of off_t
configure:22772: gcc -o conftest -I/opt/local/include -Wall  -L/opt/local/lib conftest.c  >&5
configure:22775: $? = 0
configure:22781: ./conftest
configure:22784: $? = 0
configure:22807: result: 8
configure:23458: checking for pkg-config
configure:23476: found /opt/local/bin/pkg-config
configure:23489: result: /opt/local/bin/pkg-config
configure:23513: checking for GLIB - version >= 2.0.0
configure:23637: gcc -o conftest -I/opt/local/include -Wall -I/opt/local/include/glib-2.0 -I/opt/local/lib/glib-2.0/include -I/opt/local/include    -L/opt/local/lib conftest.c -L/opt/local/lib -lgmodule-2.0 -lglib-2.0 -lintl -liconv    >&5
configure:23640: $? = 0
configure:23646: ./conftest
configure:23649: $? = 0
configure:23669: result: yes (version 2.14.2)
configure:23898: checking pkg-config is at least version 0.9.0
configure:23901: result: yes
configure:23912: checking for SSL
configure:23920: $PKG_CONFIG --exists --print-errors "openssl"
configure:23923: $? = 0
configure:23938: $PKG_CONFIG --exists --print-errors "openssl"
configure:23941: $? = 0
configure:24017: result: yes
configure:24610: checking if we can use recode, requires GLIB2
configure:24617: result: yes
configure:24625: checking if we can link dynamic libraries with modules
configure:24672: result: yes
configure:26844: checking for working Perl support
configure:26929: result: ok
configure:27169: checking for IPv6
configure:27200: gcc -c -I/opt/local/include -Wall -I/opt/local/include    conftest.c >&5
conftest.c: In function 'main':
conftest.c:54: warning: unused variable 'i'
configure:27206: $? = 0
configure:27228: result: yes
configure:27437: creating ./config.status

## ---------------------- ##
## Running config.status. ##
## ---------------------- ##

This file was extended by config.status, which was
generated by GNU Autoconf 2.61.  Invocation command line was

  CONFIG_FILES    = 
  CONFIG_HEADERS  = 
  CONFIG_LINKS    = 
  CONFIG_COMMANDS = 
  $ ./config.status 

on nils-hjeltes-computer.local

config.status:748: creating Makefile
config.status:734: error: cannot find input file: src/Makefile.in

## ---------------- ##
## Cache variables. ##
## ---------------- ##

ac_cv_build=i386-apple-darwin9.0.0
ac_cv_c_compiler_gnu=yes
ac_cv_cxx_compiler_gnu=yes
ac_cv_env_CCC_set=
ac_cv_env_CCC_value=
ac_cv_env_CC_set=
ac_cv_env_CC_value=
ac_cv_env_CFLAGS_set=set
ac_cv_env_CFLAGS_value=-I/opt/local/include
ac_cv_env_CPPFLAGS_set=
ac_cv_env_CPPFLAGS_value=
ac_cv_env_CPP_set=
ac_cv_env_CPP_value=
ac_cv_env_CXXCPP_set=
ac_cv_env_CXXCPP_value=
ac_cv_env_CXXFLAGS_set=
ac_cv_env_CXXFLAGS_value=
ac_cv_env_CXX_set=
ac_cv_env_CXX_value=
ac_cv_env_F77_set=
ac_cv_env_F77_value=
ac_cv_env_FFLAGS_set=
ac_cv_env_FFLAGS_value=
ac_cv_env_LDFLAGS_set=set
ac_cv_env_LDFLAGS_value=-L/opt/local/lib
ac_cv_env_LIBS_set=
ac_cv_env_LIBS_value=
ac_cv_env_PKG_CONFIG_set=
ac_cv_env_PKG_CONFIG_value=
ac_cv_env_SSL_CFLAGS_set=
ac_cv_env_SSL_CFLAGS_value=
ac_cv_env_SSL_LIBS_set=
ac_cv_env_SSL_LIBS_value=
ac_cv_env_build_alias_set=
ac_cv_env_build_alias_value=
ac_cv_env_host_alias_set=
ac_cv_env_host_alias_value=
ac_cv_env_target_alias_set=
ac_cv_env_target_alias_value=
ac_cv_f77_compiler_gnu=no
ac_cv_func_fcntl=yes
ac_cv_func_inet_addr=yes
ac_cv_func_mkfifo=yes
ac_cv_func_nl_langinfo=yes
ac_cv_func_socket=yes
ac_cv_header_dirent_h=yes
ac_cv_header_dlfcn_h=yes
ac_cv_header_inttypes_h=yes
ac_cv_header_memory_h=yes
ac_cv_header_regex_h=yes
ac_cv_header_stdc=yes
ac_cv_header_stdint_h=yes
ac_cv_header_stdlib_h=yes
ac_cv_header_string_h=yes
ac_cv_header_strings_h=yes
ac_cv_header_sys_ioctl_h=yes
ac_cv_header_sys_resource_h=yes
ac_cv_header_sys_stat_h=yes
ac_cv_header_sys_time_h=yes
ac_cv_header_sys_types_h=yes
ac_cv_header_sys_utsname_h=yes
ac_cv_header_unistd_h=yes
ac_cv_host=i386-apple-darwin9.0.0
ac_cv_objext=o
ac_cv_path_EGREP='/usr/bin/grep -E'
ac_cv_path_GREP=/usr/bin/grep
ac_cv_path_PKG_CONFIG=/opt/local/bin/pkg-config
ac_cv_path_install='/opt/local/bin/ginstall -c'
ac_cv_path_perlpath=/usr/bin/perl
ac_cv_path_sedpath=/usr/bin/sed
ac_cv_prog_AWK=gawk
ac_cv_prog_CPP='gcc -E'
ac_cv_prog_CXXCPP='g++ -E'
ac_cv_prog_ac_ct_AR=ar
ac_cv_prog_ac_ct_CC=gcc
ac_cv_prog_ac_ct_CXX=g++
ac_cv_prog_ac_ct_RANLIB=ranlib
ac_cv_prog_ac_ct_STRIP=strip
ac_cv_prog_cc_c89=
ac_cv_prog_cc_g=yes
ac_cv_prog_cxx_g=yes
ac_cv_prog_f77_g=no
ac_cv_prog_make_make_set=yes
ac_cv_search_strerror='none required'
ac_cv_sizeof_int=4
ac_cv_sizeof_long=4
ac_cv_sizeof_long_long=8
ac_cv_sizeof_off_t=8
ac_cv_type_int=yes
ac_cv_type_long=yes
ac_cv_type_long_long=yes
ac_cv_type_off_t=yes
am_cv_CC_dependencies_compiler_type=gcc3
am_cv_CXX_dependencies_compiler_type=gcc3
irssi_cv_type_in6_addr=yes
irssi_cv_type_socklen_t=yes
lt_cv_deplibs_check_method=pass_all
lt_cv_file_magic_cmd='$MAGIC_CMD'
lt_cv_file_magic_test_file=
lt_cv_ld_reload_flag=-r
lt_cv_objdir=.libs
lt_cv_path_LD=/usr/libexec/gcc/i686-apple-darwin9/4.0.1/ld
lt_cv_path_LDCXX=/usr/libexec/gcc/i686-apple-darwin9/4.0.1/ld
lt_cv_path_NM='/usr/bin/nm -p'
lt_cv_path_SED=/usr/bin/sed
lt_cv_prog_compiler_c_o=yes
lt_cv_prog_compiler_c_o_CXX=yes
lt_cv_prog_compiler_rtti_exceptions=no
lt_cv_prog_gnu_ld=no
lt_cv_prog_gnu_ldcxx=no
lt_cv_sys_global_symbol_pipe='sed -n -e '\''s/^.*[ 	]\([BCDEGRST][BCDEGRST]*\)[ 	][ 	]*_\([_A-Za-z][_A-Za-z0-9]*\)$/\1 _\2 \2/p'\'''
lt_cv_sys_global_symbol_to_c_name_address='sed -n -e '\''s/^: \([^ ]*\) $/  {\"\1\", (lt_ptr) 0},/p'\'' -e '\''s/^[BCDEGRST] \([^ ]*\) \([^ ]*\)$/  {"\2", (lt_ptr) \&\2},/p'\'''
lt_cv_sys_global_symbol_to_cdecl='sed -n -e '\''s/^. .* \(.*\)$/extern int \1;/p'\'''
lt_cv_sys_max_cmd_len=196608
lt_lt_cv_prog_compiler_c_o='"yes"'
lt_lt_cv_prog_compiler_c_o_CXX='"yes"'
lt_lt_cv_sys_global_symbol_pipe='"sed -n -e '\''s/^.*[ 	]\\([BCDEGRST][BCDEGRST]*\\)[ 	][ 	]*_\\([_A-Za-z][_A-Za-z0-9]*\\)\$/\\1 _\\2 \\2/p'\''"'
lt_lt_cv_sys_global_symbol_to_c_name_address='"sed -n -e '\''s/^: \\([^ ]*\\) \$/  {\\\"\\1\\\", (lt_ptr) 0},/p'\'' -e '\''s/^[BCDEGRST] \\([^ ]*\\) \\([^ ]*\\)\$/  {\"\\2\", (lt_ptr) \\&\\2},/p'\''"'
lt_lt_cv_sys_global_symbol_to_cdecl='"sed -n -e '\''s/^. .* \\(.*\\)\$/extern int \\1;/p'\''"'
pkg_cv_SSL_CFLAGS='-I/opt/local/include  '
pkg_cv_SSL_LIBS='-L/opt/local/lib -lssl -lcrypto -lz  '

## ----------------- ##
## Output variables. ##
## ----------------- ##

ACLOCAL='${SHELL} /Users/kolis/Projects/MacIrssi/irssi-0.8.11/missing --run aclocal-1.9'
AMDEPBACKSLASH='\'
AMDEP_FALSE='#'
AMDEP_TRUE=''
AMTAR='${SHELL} /Users/kolis/Projects/MacIrssi/irssi-0.8.11/missing --run tar'
AR='ar'
AUTOCONF='${SHELL} /Users/kolis/Projects/MacIrssi/irssi-0.8.11/missing --run autoconf'
AUTOHEADER='${SHELL} /Users/kolis/Projects/MacIrssi/irssi-0.8.11/missing --run autoheader'
AUTOMAKE='${SHELL} /Users/kolis/Projects/MacIrssi/irssi-0.8.11/missing --run automake-1.9'
AWK='gawk'
BUILD_IRSSIBOT_FALSE=''
BUILD_IRSSIBOT_TRUE='#'
BUILD_IRSSIPROXY_FALSE='#'
BUILD_IRSSIPROXY_TRUE=''
BUILD_PLUGINS_FALSE=''
BUILD_PLUGINS_TRUE='#'
BUILD_TEXTUI_FALSE=''
BUILD_TEXTUI_TRUE='#'
CC='gcc'
CCDEPMODE='depmode=gcc3'
CFLAGS='-I/opt/local/include -Wall -I/opt/local/include  '
CHAT_MODULES='irc'
COMMON_LIBS='../fe-common/irc/libfe_common_irc.a ../fe-common/irc/dcc/libfe_irc_dcc.a ../fe-common/irc/notifylist/libfe_irc_notifylist.a ../fe-common/core/libfe_common_core.a  ../irc/libirc.a ../irc/core/libirc_core.a ../irc/dcc/libirc_dcc.a ../irc/flood/libirc_flood.a ../irc/notifylist/libirc_notifylist.a ../core/libcore.a ../lib-config/libirssi_config.a ../lib-popt/libpopt.a'
COMMON_NOUI_LIBS=' ../irc/libirc.a ../irc/core/libirc_core.a ../irc/dcc/libirc_dcc.a ../irc/flood/libirc_flood.a ../irc/notifylist/libirc_notifylist.a ../core/libcore.a ../lib-config/libirssi_config.a ../lib-popt/libpopt.a'
CPP='gcc -E'
CPPFLAGS=''
CURSES_INCLUDEDIR=''
CURSES_LIBS=''
CXX='g++'
CXXCPP='g++ -E'
CXXDEPMODE='depmode=gcc3'
CXXFLAGS='-g -O2'
CYGPATH_W='echo'
DEFS='-DHAVE_CONFIG_H'
DEPDIR='.deps'
DYNALOADER_A=''
ECHO='/bin/echo'
ECHO_C='ECHO_N=''
ECHO_T=''
EGREP='/usr/bin/grep -E'
EXEEXT=''
F77=''
FFLAGS=''
GLIB_CFLAGS='-I/opt/local/include/glib-2.0 -I/opt/local/lib/glib-2.0/include -I/opt/local/include  '
GLIB_CONFIG=''
GLIB_GENMARSHAL='glib-genmarshal'
GLIB_LIBS='-L/opt/local/lib -lgmodule-2.0 -lglib-2.0 -lintl -liconv  '
GLIB_MKENUMS='glib-mkenums'
GOBJECT_QUERY='gobject-query'
GREP='/usr/bin/grep'
HAVE_PERL_FALSE='#'
HAVE_PERL_TRUE=''
HAVE_STATIC_PERL_FALSE='#'
HAVE_STATIC_PERL_TRUE=''
INSTALL_DATA='${INSTALL} -m 644'
INSTALL_PROGRAM='${INSTALL}'
INSTALL_SCRIPT='${INSTALL}'
INSTALL_STRIP_PROGRAM='${SHELL} $(install_sh) -c -s'
LDFLAGS='-L/opt/local/lib'
LIBOBJS=''
LIBPERL_A=''
LIBS=''
LIBTOOL='$(SHELL) $(top_builddir)/libtool'
LN_S='ln -s'
LTLIBOBJS=''
MAINT='#'
MAINTAINER_MODE_FALSE=''
MAINTAINER_MODE_TRUE='#'
MAKEINFO='${SHELL} /Users/kolis/Projects/MacIrssi/irssi-0.8.11/missing --run makeinfo'
NEED_TPARM_FALSE=''
NEED_TPARM_TRUE='#'
OBJEXT='o'
PACKAGE='irssi'
PACKAGE_BUGREPORT=''
PACKAGE_NAME=''
PACKAGE_STRING=''
PACKAGE_TARNAME=''
PACKAGE_VERSION=''
PATH_SEPARATOR=':'
PERL_CFLAGS='-arch i386 -arch ppc -g -pipe -fno-common -DPERL_DARWIN -no-cpp-precomp -fno-strict-aliasing -Wdeclaration-after-statement -I/usr/local/include -I/System/Library/Perl/5.8.8/darwin-thread-multi-2level/CORE'
PERL_EXTRA_OPTS='CCCDLFLAGS="-fPIC"'
PERL_FE_LINK_LIBS='../perl/libfe_perl_static.la'
PERL_LDFLAGS=''
PERL_LIBTOOL='$(SHELL) $(top_builddir)/libtool'
PERL_LINK_FLAGS='-arch i386 -arch ppc -L/usr/local/lib /System/Library/Perl/5.8.8/darwin-thread-multi-2level/auto/DynaLoader/DynaLoader.a -L/System/Library/Perl/5.8.8/darwin-thread-multi-2level/CORE -lperl -ldl -lm -lutil'
PERL_LINK_LIBS='../perl/libperl_core_static.la'
PERL_MM_PARAMS=''
PERL_STATIC_LIBS='0'
PERL_USE_LIB=''
PKG_CONFIG='/opt/local/bin/pkg-config'
PROG_LIBS=' -L/opt/local/lib -lgmodule-2.0 -lglib-2.0 -lintl -liconv   -L/opt/local/lib -lssl -lcrypto -lz  '
RANLIB='ranlib'
SET_MAKE=''
SHELL='/bin/sh'
SSL_CFLAGS='-I/opt/local/include  '
SSL_LIBS='-L/opt/local/lib -lssl -lcrypto -lz  '
STRIP='strip'
TEXTUI_LIBS=''
USE_CUIX_FALSE=''
USE_CUIX_TRUE='#'
USE_CURSES_FALSE=''
USE_CURSES_TRUE='#'
VERSION='0.8.11'
VERSION_DATE='20070425'
VERSION_TIME='1813'
ac_ct_CC='gcc'
ac_ct_CXX='g++'
ac_ct_F77=''
am__fastdepCC_FALSE='#'
am__fastdepCC_TRUE=''
am__fastdepCXX_FALSE='#'
am__fastdepCXX_TRUE=''
am__include='include'
am__leading_dot='.'
am__quote=''
am__tar='${AMTAR} chof - "$$tardir"'
am__untar='${AMTAR} xf -'
bindir='${exec_prefix}/bin'
build='i386-apple-darwin9.0.0'
build_alias=''
build_cpu='i386'
build_os='darwin9.0.0'
build_vendor='apple'
datadir='${datarootdir}'
datarootdir='${prefix}/share'
docdir='${datarootdir}/doc/${PACKAGE}'
dvidir='${docdir}'
exec_prefix='${prefix}'
host='i386-apple-darwin9.0.0'
host_alias=''
host_cpu='i386'
host_os='darwin9.0.0'
host_vendor='apple'
htmldir='${docdir}'
includedir='${prefix}/include'
infodir='${datarootdir}/info'
install_sh='/Users/kolis/Projects/MacIrssi/irssi-0.8.11/install-sh'
irc_MODULES='dcc flood notifylist'
libdir='${exec_prefix}/lib'
libexecdir='${exec_prefix}/libexec'
localedir='${datarootdir}/locale'
localstatedir='${prefix}/var'
mandir='${datarootdir}/man'
mkdir_p='$(install_sh) -d'
oldincludedir='/usr/include'
pdfdir='${docdir}'
perl_module_fe_lib=''
perl_module_lib=''
perl_static_fe_lib='libfe_perl_static.la'
perl_static_lib='libperl_core_static.la'
perlpath='/usr/bin/perl'
prefix='/usr/local'
program_transform_name='s,x,x,'
psdir='${docdir}'
sbindir='${exec_prefix}/sbin'
sedpath='/usr/bin/sed'
sharedstatedir='${prefix}/com'
sysconfdir='${prefix}/etc'
target_alias=''

## ----------- ##
## confdefs.h. ##
## ----------- ##

#define PACKAGE_NAME ""
#define PACKAGE_TARNAME ""
#define PACKAGE_VERSION ""
#define PACKAGE_STRING ""
#define PACKAGE_BUGREPORT ""
#define PACKAGE "irssi"
#define VERSION "0.8.11"
#define STDC_HEADERS 1
#define HAVE_SYS_TYPES_H 1
#define HAVE_SYS_STAT_H 1
#define HAVE_STDLIB_H 1
#define HAVE_STRING_H 1
#define HAVE_MEMORY_H 1
#define HAVE_STRINGS_H 1
#define HAVE_INTTYPES_H 1
#define HAVE_STDINT_H 1
#define HAVE_UNISTD_H 1
#define HAVE_DLFCN_H 1
#define HAVE_STRING_H 1
#define HAVE_STDLIB_H 1
#define HAVE_UNISTD_H 1
#define HAVE_DIRENT_H 1
#define HAVE_SYS_IOCTL_H 1
#define HAVE_SYS_RESOURCE_H 1
#define HAVE_SYS_TIME_H 1
#define HAVE_SYS_UTSNAME_H 1
#define HAVE_REGEX_H 1
#define HAVE_MKFIFO 1
#define HAVE_FCNTL 1
#define HAVE_NL_LANGINFO 1
#define _FILE_OFFSET_BITS 64
#define SIZEOF_INT 4
#define SIZEOF_LONG 4
#define SIZEOF_LONG_LONG 8
#define SIZEOF_OFF_T 8
#define PRIuUOFF_T "llu"
#define UOFF_T_LONG_LONG 1
#define HAVE_GMODULE 1
#define HAVE_OPENSSL
#define HAVE_GLIB2 1
#define HAVE_PL_PERL 1
#define HAVE_STATIC_PERL 1
#define HAVE_IPV6 1

configure: exit 1
