This file contains any messages produced by compilers while
running configure, to aid debugging if configure makes a mistake.

It was created by configure, which was
generated by GNU Autoconf 2.57.  Invocation command line was

  $ ./configure --with-modules --with-proxy --enable-ipv6 --enable-ssl --without-textui --with-perl=yes

## --------- ##
## Platform. ##
## --------- ##

hostname = kolis.g1m0.se
uname -m = Power Macintosh
uname -r = 8.2.0
uname -s = Darwin
uname -v = Darwin Kernel Version 8.2.0: Fri Jun 24 17:46:54 PDT 2005; root:xnu-792.2.4.obj~3/RELEASE_PPC

/usr/bin/uname -p = powerpc
/bin/uname -X     = unknown

/bin/arch              = unknown
/usr/bin/arch -k       = unknown
/usr/convex/getsysinfo = unknown
hostinfo               = Mach kernel version:
	 Darwin Kernel Version 8.2.0: Fri Jun 24 17:46:54 PDT 2005; root:xnu-792.2.4.obj~3/RELEASE_PPC
Kernel configured for up to 2 processors.
2 processors are physically available.
Processor type: ppc970 (PowerPC 970)
Processors active: 0 1
Primary memory available: 2.00 gigabytes
Default processor set: 84 tasks, 662 threads, 2 processors
Load average: 1.95, Mach factor: 0.72
/bin/machine           = unknown
/usr/bin/oslevel       = unknown
/bin/universe          = unknown

PATH: /sw/bin
PATH: /sw/sbin
PATH: /bin
PATH: /sbin
PATH: /usr/bin
PATH: /usr/sbin
PATH: /usr/local/bin
PATH: /usr/local/teTeX/bin/powerpc-apple-darwin-current
PATH: /usr/games/
PATH: /usr/X11R6/bin


## ----------- ##
## Core tests. ##
## ----------- ##

configure:1542: checking for a BSD-compatible install
configure:1596: result: /usr/bin/install -c
configure:1607: checking whether build environment is sane
configure:1650: result: yes
configure:1665: checking whether make sets $(MAKE)
configure:1685: result: yes
configure:1717: checking for working aclocal-1.4
configure:1728: result: missing
configure:1732: checking for working autoconf
configure:1739: result: found
configure:1747: checking for working automake-1.4
configure:1758: result: missing
configure:1762: checking for working autoheader
configure:1769: result: found
configure:1777: checking for working makeinfo
configure:1784: result: found
configure:1794: checking whether to enable maintainer-specific portions of Makefiles
configure:1803: result: no
configure:1864: checking for gcc
configure:1880: found /usr/bin/gcc
configure:1890: result: gcc
configure:2134: checking for C compiler version
configure:2137: gcc --version </dev/null >&5
powerpc-apple-darwin8-gcc-4.0.0 (GCC) 4.0.0 (Apple Computer, Inc. build 5026)
Copyright (C) 2005 Free Software Foundation, Inc.
This is free software; see the source for copying conditions.  There is NO
warranty; not even for MERCHANTABILITY or FITNESS FOR A PARTICULAR PURPOSE.

configure:2140: $? = 0
configure:2142: gcc -v </dev/null >&5
Using built-in specs.
Target: powerpc-apple-darwin8
Configured with: /private/var/tmp/gcc/gcc-5026.obj~19/src/configure --disable-checking --prefix=/usr --mandir=/share/man --enable-languages=c,objc,c++,obj-c++ --program-transform-name=/^[cg][^+.-]*$/s/$/-4.0/ --with-gxx-include-dir=/include/gcc/darwin/4.0/c++ --build=powerpc-apple-darwin8 --host=powerpc-apple-darwin8 --target=powerpc-apple-darwin8
Thread model: posix
gcc version 4.0.0 (Apple Computer, Inc. build 5026)
configure:2145: $? = 0
configure:2147: gcc -V </dev/null >&5
gcc: argument to `-V' is missing
configure:2150: $? = 1
configure:2174: checking for C compiler default output
configure:2177: gcc    conftest.c  >&5
configure:2180: $? = 0
configure:2226: result: a.out
configure:2231: checking whether the C compiler works
configure:2237: ./a.out
configure:2240: $? = 0
configure:2257: result: yes
configure:2264: checking whether we are cross compiling
configure:2266: result: no
configure:2269: checking for suffix of executables
configure:2271: gcc -o conftest    conftest.c  >&5
configure:2274: $? = 0
configure:2299: result: 
configure:2305: checking for suffix of object files
configure:2327: gcc -c   conftest.c >&5
configure:2330: $? = 0
configure:2352: result: o
configure:2356: checking whether we are using the GNU C compiler
configure:2381: gcc -c   conftest.c >&5
configure:2384: $? = 0
configure:2387: test -s conftest.o
configure:2390: $? = 0
configure:2403: result: yes
configure:2409: checking whether gcc accepts -g
configure:2431: gcc -c -g  conftest.c >&5
configure:2434: $? = 0
configure:2437: test -s conftest.o
configure:2440: $? = 0
configure:2451: result: yes
configure:2468: checking for gcc option to accept ANSI C
configure:2529: gcc  -c -g -O2  conftest.c >&5
configure:2532: $? = 0
configure:2535: test -s conftest.o
configure:2538: $? = 0
configure:2556: result: none needed
configure:2574: gcc -c -g -O2  conftest.c >&5
conftest.c:2: error: parse error before 'me'
configure:2577: $? = 1
configure: failed program was:
| #ifndef __cplusplus
|   choke me
| #endif
configure:2688: checking for strerror in -lcposix
configure:2719: gcc -o conftest -g -O2   conftest.c -lcposix   >&5
/usr/bin/ld: can't locate file for: -lcposix
collect2: ld returned 1 exit status
configure:2722: $? = 1
configure: failed program was:
| #line 2695 "configure"
| /* confdefs.h.  */
| 
| #define PACKAGE_NAME ""
| #define PACKAGE_TARNAME ""
| #define PACKAGE_VERSION ""
| #define PACKAGE_STRING ""
| #define PACKAGE_BUGREPORT ""
| #define PACKAGE "irssi"
| #define VERSION "0.8.9"
| /* end confdefs.h.  */
| 
| /* Override any gcc2 internal prototype to avoid an error.  */
| #ifdef __cplusplus
| extern "C"
| #endif
| /* We use char because int might match the return type of a gcc2
|    builtin and then its argument prototype would still apply.  */
| char strerror ();
| int
| main ()
| {
| strerror ();
|   ;
|   return 0;
| }
configure:2740: result: no
configure:2794: checking for gcc
configure:2820: result: gcc
configure:3064: checking for C compiler version
configure:3067: gcc --version </dev/null >&5
powerpc-apple-darwin8-gcc-4.0.0 (GCC) 4.0.0 (Apple Computer, Inc. build 5026)
Copyright (C) 2005 Free Software Foundation, Inc.
This is free software; see the source for copying conditions.  There is NO
warranty; not even for MERCHANTABILITY or FITNESS FOR A PARTICULAR PURPOSE.

configure:3070: $? = 0
configure:3072: gcc -v </dev/null >&5
Using built-in specs.
Target: powerpc-apple-darwin8
Configured with: /private/var/tmp/gcc/gcc-5026.obj~19/src/configure --disable-checking --prefix=/usr --mandir=/share/man --enable-languages=c,objc,c++,obj-c++ --program-transform-name=/^[cg][^+.-]*$/s/$/-4.0/ --with-gxx-include-dir=/include/gcc/darwin/4.0/c++ --build=powerpc-apple-darwin8 --host=powerpc-apple-darwin8 --target=powerpc-apple-darwin8
Thread model: posix
gcc version 4.0.0 (Apple Computer, Inc. build 5026)
configure:3075: $? = 0
configure:3077: gcc -V </dev/null >&5
gcc: argument to `-V' is missing
configure:3080: $? = 1
configure:3083: checking whether we are using the GNU C compiler
configure:3130: result: yes
configure:3136: checking whether gcc accepts -g
configure:3178: result: yes
configure:3195: checking for gcc option to accept ANSI C
configure:3283: result: none needed
configure:3301: gcc -c -g -O2  conftest.c >&5
conftest.c:2: error: parse error before 'me'
configure:3304: $? = 1
configure: failed program was:
| #ifndef __cplusplus
|   choke me
| #endif
configure:3418: checking how to run the C preprocessor
configure:3454: gcc -E  conftest.c
configure:3460: $? = 0
configure:3492: gcc -E  conftest.c
configure:3493:28: error: ac_nonexistent.h: No such file or directory
configure:3498: $? = 1
configure: failed program was:
| #line 3483 "configure"
| /* confdefs.h.  */
| 
| #define PACKAGE_NAME ""
| #define PACKAGE_TARNAME ""
| #define PACKAGE_VERSION ""
| #define PACKAGE_STRING ""
| #define PACKAGE_BUGREPORT ""
| #define PACKAGE "irssi"
| #define VERSION "0.8.9"
| /* end confdefs.h.  */
| #include <ac_nonexistent.h>
configure:3536: result: gcc -E
configure:3561: gcc -E  conftest.c
configure:3567: $? = 0
configure:3599: gcc -E  conftest.c
configure:3600:28: error: ac_nonexistent.h: No such file or directory
configure:3605: $? = 1
configure: failed program was:
| #line 3590 "configure"
| /* confdefs.h.  */
| 
| #define PACKAGE_NAME ""
| #define PACKAGE_TARNAME ""
| #define PACKAGE_VERSION ""
| #define PACKAGE_STRING ""
| #define PACKAGE_BUGREPORT ""
| #define PACKAGE "irssi"
| #define VERSION "0.8.9"
| /* end confdefs.h.  */
| #include <ac_nonexistent.h>
configure:3648: checking for egrep
configure:3658: result: grep -E
configure:3663: checking for ANSI C header files
configure:3689: gcc -c -g -O2  conftest.c >&5
configure:3692: $? = 0
configure:3695: test -s conftest.o
configure:3698: $? = 0
configure:3787: gcc -o conftest -g -O2   conftest.c  >&5
configure: In function 'main':
configure:3785: warning: incompatible implicit declaration of built-in function 'exit'
configure:3790: $? = 0
configure:3792: ./conftest
configure:3795: $? = 0
configure:3810: result: yes
configure:3899: checking build system type
configure:3917: result: powerpc-apple-darwin8.2.0
configure:3925: checking host system type
configure:3939: result: powerpc-apple-darwin8.2.0
configure:3947: checking for a sed that does not truncate output
configure:4001: result: /usr/bin/sed
configure:4015: checking for ld used by gcc
configure:4082: result: /usr/bin/ld
configure:4091: checking if the linker (/usr/bin/ld) is GNU ld
configure:4106: result: no
configure:4111: checking for /usr/bin/ld option to reload object files
configure:4118: result: -r
configure:4127: checking for BSD-compatible nm
configure:4169: result: /usr/bin/nm -p
configure:4173: checking whether ln -s works
configure:4177: result: yes
configure:4184: checking how to recognise dependent libraries
configure:4358: result: pass_all
configure:4570: checking for sys/types.h
configure:4587: gcc -c -g -O2  conftest.c >&5
configure:4590: $? = 0
configure:4593: test -s conftest.o
configure:4596: $? = 0
configure:4607: result: yes
configure:4570: checking for sys/stat.h
configure:4587: gcc -c -g -O2  conftest.c >&5
configure:4590: $? = 0
configure:4593: test -s conftest.o
configure:4596: $? = 0
configure:4607: result: yes
configure:4570: checking for stdlib.h
configure:4587: gcc -c -g -O2  conftest.c >&5
configure:4590: $? = 0
configure:4593: test -s conftest.o
configure:4596: $? = 0
configure:4607: result: yes
configure:4570: checking for string.h
configure:4587: gcc -c -g -O2  conftest.c >&5
configure:4590: $? = 0
configure:4593: test -s conftest.o
configure:4596: $? = 0
configure:4607: result: yes
configure:4570: checking for memory.h
configure:4587: gcc -c -g -O2  conftest.c >&5
configure:4590: $? = 0
configure:4593: test -s conftest.o
configure:4596: $? = 0
configure:4607: result: yes
configure:4570: checking for strings.h
configure:4587: gcc -c -g -O2  conftest.c >&5
configure:4590: $? = 0
configure:4593: test -s conftest.o
configure:4596: $? = 0
configure:4607: result: yes
configure:4570: checking for inttypes.h
configure:4587: gcc -c -g -O2  conftest.c >&5
configure:4590: $? = 0
configure:4593: test -s conftest.o
configure:4596: $? = 0
configure:4607: result: yes
configure:4570: checking for stdint.h
configure:4587: gcc -c -g -O2  conftest.c >&5
configure:4590: $? = 0
configure:4593: test -s conftest.o
configure:4596: $? = 0
configure:4607: result: yes
configure:4570: checking for unistd.h
configure:4587: gcc -c -g -O2  conftest.c >&5
configure:4590: $? = 0
configure:4593: test -s conftest.o
configure:4596: $? = 0
configure:4607: result: yes
configure:4633: checking dlfcn.h usability
configure:4646: gcc -c -g -O2  conftest.c >&5
configure:4649: $? = 0
configure:4652: test -s conftest.o
configure:4655: $? = 0
configure:4665: result: yes
configure:4669: checking dlfcn.h presence
configure:4680: gcc -E  conftest.c
configure:4686: $? = 0
configure:4705: result: yes
configure:4741: checking for dlfcn.h
configure:4748: result: yes
configure:4813: checking for g++
configure:4829: found /usr/bin/g++
configure:4839: result: g++
configure:4855: checking for C++ compiler version
configure:4858: g++ --version </dev/null >&5
powerpc-apple-darwin8-g++-4.0.0 (GCC) 4.0.0 (Apple Computer, Inc. build 5026)
Copyright (C) 2005 Free Software Foundation, Inc.
This is free software; see the source for copying conditions.  There is NO
warranty; not even for MERCHANTABILITY or FITNESS FOR A PARTICULAR PURPOSE.

configure:4861: $? = 0
configure:4863: g++ -v </dev/null >&5
Using built-in specs.
Target: powerpc-apple-darwin8
Configured with: /private/var/tmp/gcc/gcc-5026.obj~19/src/configure --disable-checking --prefix=/usr --mandir=/share/man --enable-languages=c,objc,c++,obj-c++ --program-transform-name=/^[cg][^+.-]*$/s/$/-4.0/ --with-gxx-include-dir=/include/gcc/darwin/4.0/c++ --build=powerpc-apple-darwin8 --host=powerpc-apple-darwin8 --target=powerpc-apple-darwin8
Thread model: posix
gcc version 4.0.0 (Apple Computer, Inc. build 5026)
configure:4866: $? = 0
configure:4868: g++ -V </dev/null >&5
g++: argument to `-V' is missing
configure:4871: $? = 1
configure:4874: checking whether we are using the GNU C++ compiler
configure:4899: g++ -c   conftest.cc >&5
configure:4902: $? = 0
configure:4905: test -s conftest.o
configure:4908: $? = 0
configure:4921: result: yes
configure:4927: checking whether g++ accepts -g
configure:4949: g++ -c -g  conftest.cc >&5
configure:4952: $? = 0
configure:4955: test -s conftest.o
configure:4958: $? = 0
configure:4969: result: yes
configure:5013: g++ -c -g -O2  conftest.cc >&5
configure:5016: $? = 0
configure:5019: test -s conftest.o
configure:5022: $? = 0
configure:5049: g++ -c -g -O2  conftest.cc >&5
configure: In function 'int main()':
configure:5057: error: 'exit' was not declared in this scope
configure:5052: $? = 1
configure: failed program was:
| #line 5032 "configure"
| /* confdefs.h.  */
| 
| #define PACKAGE_NAME ""
| #define PACKAGE_TARNAME ""
| #define PACKAGE_VERSION ""
| #define PACKAGE_STRING ""
| #define PACKAGE_BUGREPORT ""
| #define PACKAGE "irssi"
| #define VERSION "0.8.9"
| #define STDC_HEADERS 1
| #define HAVE_SYS_TYPES_H 1
| #define HAVE_SYS_STAT_H 1
| #define HAVE_STDLIB_H 1
| #define HAVE_STRING_H 1
| #define HAVE_MEMORY_H 1
| #define HAVE_STRINGS_H 1
| #define HAVE_INTTYPES_H 1
| #define HAVE_STDINT_H 1
| #define HAVE_UNISTD_H 1
| #define HAVE_DLFCN_H 1
| /* end confdefs.h.  */
| 
| int
| main ()
| {
| exit (42);
|   ;
|   return 0;
| }
configure:5013: g++ -c -g -O2  conftest.cc >&5
configure:5016: $? = 0
configure:5019: test -s conftest.o
configure:5022: $? = 0
configure:5049: g++ -c -g -O2  conftest.cc >&5
configure:5052: $? = 0
configure:5055: test -s conftest.o
configure:5058: $? = 0
configure:5086: checking how to run the C++ preprocessor
configure:5118: g++ -E  conftest.cc
configure:5124: $? = 0
configure:5156: g++ -E  conftest.cc
configure:5171:28: error: ac_nonexistent.h: No such file or directory
configure:5162: $? = 1
configure: failed program was:
| #line 5147 "configure"
| /* confdefs.h.  */
| 
| #define PACKAGE_NAME ""
| #define PACKAGE_TARNAME ""
| #define PACKAGE_VERSION ""
| #define PACKAGE_STRING ""
| #define PACKAGE_BUGREPORT ""
| #define PACKAGE "irssi"
| #define VERSION "0.8.9"
| #define STDC_HEADERS 1
| #define HAVE_SYS_TYPES_H 1
| #define HAVE_SYS_STAT_H 1
| #define HAVE_STDLIB_H 1
| #define HAVE_STRING_H 1
| #define HAVE_MEMORY_H 1
| #define HAVE_STRINGS_H 1
| #define HAVE_INTTYPES_H 1
| #define HAVE_STDINT_H 1
| #define HAVE_UNISTD_H 1
| #define HAVE_DLFCN_H 1
| #ifdef __cplusplus
| #include <stdlib.h>
| #endif
| /* end confdefs.h.  */
| #include <ac_nonexistent.h>
configure:5200: result: g++ -E
configure:5225: g++ -E  conftest.cc
configure:5231: $? = 0
configure:5263: g++ -E  conftest.cc
configure:5278:28: error: ac_nonexistent.h: No such file or directory
configure:5269: $? = 1
configure: failed program was:
| #line 5254 "configure"
| /* confdefs.h.  */
| 
| #define PACKAGE_NAME ""
| #define PACKAGE_TARNAME ""
| #define PACKAGE_VERSION ""
| #define PACKAGE_STRING ""
| #define PACKAGE_BUGREPORT ""
| #define PACKAGE "irssi"
| #define VERSION "0.8.9"
| #define STDC_HEADERS 1
| #define HAVE_SYS_TYPES_H 1
| #define HAVE_SYS_STAT_H 1
| #define HAVE_STDLIB_H 1
| #define HAVE_STRING_H 1
| #define HAVE_MEMORY_H 1
| #define HAVE_STRINGS_H 1
| #define HAVE_INTTYPES_H 1
| #define HAVE_STDINT_H 1
| #define HAVE_UNISTD_H 1
| #define HAVE_DLFCN_H 1
| #ifdef __cplusplus
| #include <stdlib.h>
| #endif
| /* end confdefs.h.  */
| #include <ac_nonexistent.h>
configure:5363: checking for g77
configure:5392: result: no
configure:5363: checking for f77
configure:5392: result: no
configure:5363: checking for xlf
configure:5392: result: no
configure:5363: checking for frt
configure:5392: result: no
configure:5363: checking for pgf77
configure:5392: result: no
configure:5363: checking for fl32
configure:5392: result: no
configure:5363: checking for af77
configure:5392: result: no
configure:5363: checking for fort77
configure:5392: result: no
configure:5363: checking for f90
configure:5392: result: no
configure:5363: checking for xlf90
configure:5392: result: no
configure:5363: checking for pgf90
configure:5392: result: no
configure:5363: checking for epcf90
configure:5392: result: no
configure:5363: checking for f95
configure:5392: result: no
configure:5363: checking for fort
configure:5392: result: no
configure:5363: checking for xlf95
configure:5392: result: no
configure:5363: checking for lf95
configure:5392: result: no
configure:5363: checking for g95
configure:5392: result: no
configure:5407: checking for Fortran 77 compiler version
configure:5407:  --version </dev/null >&5
./configure: line 1: --version: command not found
configure:5410: $? = 127
configure:5412:  -v </dev/null >&5
./configure: line 1: -v: command not found
configure:5415: $? = 127
configure:5417:  -V </dev/null >&5
./configure: line 1: -V: command not found
configure:5420: $? = 127
configure:5427: checking whether we are using the GNU Fortran 77 compiler
configure:5441:  -c  conftest.F >&5
./configure: line 1: -c: command not found
configure:5444: $? = 127
configure: failed program was:
|       program main
| #ifndef __GNUC__
|        choke me
| #endif
| 
|       end
configure:5463: result: no
configure:5470: checking whether  accepts -g
configure:5482:  -c -g conftest.f >&5
./configure: line 1: -c: command not found
configure:5485: $? = 127
configure: failed program was:
|       program main
| 
|       end
configure:5503: result: no
configure:5531: checking the maximum length of command line arguments
configure:5596: result: 65536
configure:5607: checking command to parse /usr/bin/nm -p output from gcc object
configure:5696: gcc -c -g -O2  conftest.c >&5
configure:5699: $? = 0
configure:5703: /usr/bin/nm -p conftest.o \| sed -n -e 's/^.*[ 	]\([BCDEGRST][BCDEGRST]*\)[ 	][ 	]*\(\)\([_A-Za-z][_A-Za-z0-9]*\)$/\1 \2\3 \3/p' \> conftest.nm
configure:5706: $? = 0
cannot find nm_test_var in conftest.nm
configure:5696: gcc -c -g -O2  conftest.c >&5
configure:5699: $? = 0
configure:5703: /usr/bin/nm -p conftest.o \| sed -n -e 's/^.*[ 	]\([BCDEGRST][BCDEGRST]*\)[ 	][ 	]*\(_\)\([_A-Za-z][_A-Za-z0-9]*\)$/\1 \2\3 \3/p' \> conftest.nm
configure:5706: $? = 0
configure:5758: gcc -o conftest -g -O2   conftest.c conftstm.o >&5
configure:5761: $? = 0
configure:5799: result: ok
configure:5803: checking for objdir
configure:5818: result: .libs
configure:5908: checking for ar
configure:5924: found /usr/bin/ar
configure:5935: result: ar
configure:5988: checking for ranlib
configure:6004: found /usr/bin/ranlib
configure:6015: result: ranlib
configure:6068: checking for strip
configure:6084: found /usr/bin/strip
configure:6095: result: strip
configure:6357: checking if gcc static flag  works
configure:6380: result: yes
configure:6398: checking if gcc supports -fno-rtti -fno-exceptions
configure:6419: gcc -c -g -O2  -fno-rtti -fno-exceptions conftest.c >&5
cc1: warning: command line option "-fno-rtti" is valid for C++/ObjC++ but not for C
configure:6423: $? = 0
configure:6431: result: no
configure:6446: checking for gcc option to produce PIC
configure:6623: result: -fno-common
configure:6631: checking if gcc PIC flag -fno-common works
configure:6652: gcc -c -g -O2  -fno-common -DPIC conftest.c >&5
configure:6656: $? = 0
configure:6664: result: yes
configure:6688: checking if gcc supports -c -o file.o
configure:6719: gcc -c -g -O2  -o out/conftest2.o conftest.c >&5
configure:6723: $? = 0
configure:6740: result: yes
configure:6766: checking whether the gcc linker (/usr/bin/ld) supports shared libraries
configure:7594: result: yes
configure:7665: checking dynamic linker characteristics
configure:8205: result: darwin8.2.0 dyld
configure:8209: checking how to hardcode library paths into programs
configure:8234: result: immediate
configure:8248: checking whether stripping libraries is possible
configure:8261: result: yes
configure:8997: checking if libtool supports shared libraries
configure:8999: result: yes
configure:9002: checking whether to build shared libraries
configure:9060: result: yes
configure:9063: checking whether to build static libraries
configure:9067: result: yes
configure:9159: creating libtool
configure:9706: checking for ld used by g++
configure:9773: result: /usr/bin/ld
configure:9782: checking if the linker (/usr/bin/ld) is GNU ld
configure:9797: result: no
configure:9848: checking whether the g++ linker (/usr/bin/ld) supports shared libraries
configure:10656: result: yes
configure:10674: g++ -c -g -O2  conftest.cc >&5
configure:10677: $? = 0
configure:10773: checking for g++ option to produce PIC
configure:11025: result: -fno-common
configure:11033: checking if g++ PIC flag -fno-common works
configure:11054: g++ -c -g -O2  -fno-common -DPIC conftest.cc >&5
configure:11058: $? = 0
configure:11066: result: yes
configure:11090: checking if g++ supports -c -o file.o
configure:11121: g++ -c -g -O2  -o out/conftest2.o conftest.cc >&5
configure:11125: $? = 0
configure:11142: result: yes
configure:11168: checking whether the g++ linker (/usr/bin/ld) supports shared libraries
configure:11193: result: yes
configure:11264: checking dynamic linker characteristics
configure:11804: result: darwin8.2.0 dyld
configure:11808: checking how to hardcode library paths into programs
configure:11833: result: immediate
configure:11847: checking whether stripping libraries is possible
configure:11860: result: yes
configure:18890: checking for sed
configure:18908: found /usr/bin/sed
configure:18920: result: /usr/bin/sed
configure:18929: checking for perl
configure:18947: found /usr/bin/perl
configure:18959: result: /usr/bin/perl
configure:18983: checking for string.h
configure:18988: result: yes
configure:18983: checking for stdlib.h
configure:18988: result: yes
configure:18983: checking for unistd.h
configure:18988: result: yes
configure:18992: checking dirent.h usability
configure:19005: gcc -c -g -O2  conftest.c >&5
configure:19008: $? = 0
configure:19011: test -s conftest.o
configure:19014: $? = 0
configure:19024: result: yes
configure:19028: checking dirent.h presence
configure:19039: gcc -E  conftest.c
configure:19045: $? = 0
configure:19064: result: yes
configure:19100: checking for dirent.h
configure:19107: result: yes
configure:18992: checking sys/ioctl.h usability
configure:19005: gcc -c -g -O2  conftest.c >&5
configure:19008: $? = 0
configure:19011: test -s conftest.o
configure:19014: $? = 0
configure:19024: result: yes
configure:19028: checking sys/ioctl.h presence
configure:19039: gcc -E  conftest.c
configure:19045: $? = 0
configure:19064: result: yes
configure:19100: checking for sys/ioctl.h
configure:19107: result: yes
configure:18992: checking sys/resource.h usability
configure:19005: gcc -c -g -O2  conftest.c >&5
configure:19008: $? = 0
configure:19011: test -s conftest.o
configure:19014: $? = 0
configure:19024: result: yes
configure:19028: checking sys/resource.h presence
configure:19039: gcc -E  conftest.c
configure:19045: $? = 0
configure:19064: result: yes
configure:19100: checking for sys/resource.h
configure:19107: result: yes
configure:19138: checking sys/time.h usability
configure:19151: gcc -c -g -O2  conftest.c >&5
configure:19154: $? = 0
configure:19157: test -s conftest.o
configure:19160: $? = 0
configure:19170: result: yes
configure:19174: checking sys/time.h presence
configure:19185: gcc -E  conftest.c
configure:19191: $? = 0
configure:19210: result: yes
configure:19246: checking for sys/time.h
configure:19253: result: yes
configure:19138: checking sys/utsname.h usability
configure:19151: gcc -c -g -O2  conftest.c >&5
configure:19154: $? = 0
configure:19157: test -s conftest.o
configure:19160: $? = 0
configure:19170: result: yes
configure:19174: checking sys/utsname.h presence
configure:19185: gcc -E  conftest.c
configure:19191: $? = 0
configure:19210: result: yes
configure:19246: checking for sys/utsname.h
configure:19253: result: yes
configure:19138: checking regex.h usability
configure:19151: gcc -c -g -O2  conftest.c >&5
configure:19154: $? = 0
configure:19157: test -s conftest.o
configure:19160: $? = 0
configure:19170: result: yes
configure:19174: checking regex.h presence
configure:19185: gcc -E  conftest.c
configure:19191: $? = 0
configure:19210: result: yes
configure:19246: checking for regex.h
configure:19253: result: yes
configure:19521: checking for mkfifo
configure:19571: gcc -o conftest -g -O2   conftest.c  >&5
configure:19574: $? = 0
configure:19577: test -s conftest
configure:19580: $? = 0
configure:19591: result: yes
configure:19521: checking for fcntl
configure:19571: gcc -o conftest -g -O2   conftest.c  >&5
configure:19574: $? = 0
configure:19577: test -s conftest
configure:19580: $? = 0
configure:19591: result: yes
configure:19521: checking for nl_langinfo
configure:19571: gcc -o conftest -g -O2   conftest.c  >&5
configure:19574: $? = 0
configure:19577: test -s conftest
configure:19580: $? = 0
configure:19591: result: yes
configure:19602: checking for socket
configure:19652: gcc -o conftest -g -O2   conftest.c  >&5
configure:19655: $? = 0
configure:19658: test -s conftest
configure:19661: $? = 0
configure:19672: result: yes
configure:19742: checking for inet_addr
configure:19792: gcc -o conftest -g -O2   conftest.c  >&5
configure:19795: $? = 0
configure:19798: test -s conftest
configure:19801: $? = 0
configure:19812: result: yes
configure:19886: checking for socklen_t
configure:19910: gcc -c -g -O2 -Wall  conftest.c >&5
configure: In function 'main':
configure:19933: warning: unused variable 't'
configure:19913: $? = 0
configure:19916: test -s conftest.o
configure:19919: $? = 0
configure:19938: result: yes
configure:19946: checking for int
configure:19971: gcc -c -g -O2 -Wall  conftest.c >&5
configure:19974: $? = 0
configure:19977: test -s conftest.o
configure:19980: $? = 0
configure:19991: result: yes
configure:19994: checking size of int
configure:20269: gcc -o conftest -g -O2 -Wall   conftest.c  >&5
configure:20272: $? = 0
configure:20274: ./conftest
configure:20277: $? = 0
configure:20300: result: 4
configure:20307: checking for long
configure:20332: gcc -c -g -O2 -Wall  conftest.c >&5
configure:20335: $? = 0
configure:20338: test -s conftest.o
configure:20341: $? = 0
configure:20352: result: yes
configure:20355: checking size of long
configure:20630: gcc -o conftest -g -O2 -Wall   conftest.c  >&5
configure:20633: $? = 0
configure:20635: ./conftest
configure:20638: $? = 0
configure:20661: result: 4
configure:20668: checking for long long
configure:20693: gcc -c -g -O2 -Wall  conftest.c >&5
configure:20696: $? = 0
configure:20699: test -s conftest.o
configure:20702: $? = 0
configure:20713: result: yes
configure:20716: checking size of long long
configure:20991: gcc -o conftest -g -O2 -Wall   conftest.c  >&5
configure:20994: $? = 0
configure:20996: ./conftest
configure:20999: $? = 0
configure:21022: result: 8
configure:21030: checking size of off_t
configure:21058: gcc -o conftest -g -O2 -Wall   conftest.c  >&5
configure: In function 'main':
configure:21084: warning: implicit declaration of function 'exit'
configure:21084: warning: incompatible implicit declaration of built-in function 'exit'
configure:21085: warning: format '%d' expects type 'int', but argument 3 has type 'long unsigned int'
configure:21061: $? = 0
configure:21063: ./conftest
configure:21066: $? = 0
configure:21086: result: 8
configure:21347: checking whether GLib is unpacked to irssi dir
configure:21395: result: no
configure:21749: checking for pkg-config
configure:21767: found /sw/bin/pkg-config
configure:21780: result: /sw/bin/pkg-config
configure:21803: checking for GLIB - version >= 2.0.0
configure:21923: gcc -o conftest -g -O2 -Wall -I/sw/include/glib-2.0 -I/sw/lib/glib-2.0/include     conftest.c -L/sw/lib -lgmodule-2.0 -lglib-2.0 -lintl -liconv    >&5
/usr/bin/ld: warning multiple definitions of symbol _locale_charset
/sw/lib/libiconv.dylib(localcharset.o) definition of _locale_charset
/sw/lib/libintl.dylib(localcharset.lo) definition of _locale_charset
/usr/bin/ld: warning suggest use of -bind_at_load, as lazy binding may result in errors or different symbols being used
symbol _locale_charset used from dynamic library /sw/lib/libiconv.dylib(localcharset.o) not from earlier dynamic library /sw/lib/libintl.1.dylib(localcharset.lo)
configure:21926: $? = 0
configure:21928: ./conftest
configure:21931: $? = 0
configure:21949: result: yes (version 2.4.6)
configure:22243: checking for SSL_read in -lssl
configure:22274: gcc -o conftest -g -O2 -Wall   conftest.c -lssl -lcrypto  -L/sw/lib -lgmodule-2.0 -lglib-2.0 -lintl -liconv   >&5
configure:22277: $? = 0
configure:22280: test -s conftest
configure:22283: $? = 0
configure:22295: result: yes
configure:22314: checking openssl/ssl.h usability
configure:22327: gcc -c -g -O2 -Wall  conftest.c >&5
configure:22330: $? = 0
configure:22333: test -s conftest.o
configure:22336: $? = 0
configure:22346: result: yes
configure:22350: checking openssl/ssl.h presence
configure:22361: gcc -E  conftest.c
configure:22367: $? = 0
configure:22386: result: yes
configure:22422: checking for openssl/ssl.h
configure:22429: result: yes
configure:22314: checking openssl/err.h usability
configure:22327: gcc -c -g -O2 -Wall  conftest.c >&5
configure:22330: $? = 0
configure:22333: test -s conftest.o
configure:22336: $? = 0
configure:22346: result: yes
configure:22350: checking openssl/err.h presence
configure:22361: gcc -E  conftest.c
configure:22367: $? = 0
configure:22386: result: yes
configure:22422: checking for openssl/err.h
configure:22429: result: yes
configure:22826: checking if we can link dynamic libraries with modules
configure:22873: result: yes
configure:25172: checking for working Perl support
configure:25257: result: ok
configure:25477: checking for IPv6
configure:25504: gcc -c -g -O2 -Wall  conftest.c >&5
configure: In function 'main':
configure:25539: warning: unused variable 'i'
configure:25507: $? = 0
configure:25510: test -s conftest.o
configure:25513: $? = 0
configure:25531: result: yes
configure:25636: creating ./config.status

## ---------------------- ##
## Running config.status. ##
## ---------------------- ##

This file was extended by config.status, which was
generated by GNU Autoconf 2.57.  Invocation command line was

  CONFIG_FILES    = 
  CONFIG_HEADERS  = 
  CONFIG_LINKS    = 
  CONFIG_COMMANDS = 
  $ ./config.status 

on kolis.g1m0.se

config.status:746: creating Makefile
config.status:746: creating src/Makefile
config.status:746: creating src/core/Makefile
config.status:746: creating src/irc/Makefile
config.status:746: creating src/irc/core/Makefile
config.status:746: creating src/irc/dcc/Makefile
config.status:746: creating src/irc/notifylist/Makefile
config.status:746: creating src/irc/proxy/Makefile
config.status:746: creating src/irc/flood/Makefile
config.status:746: creating src/fe-common/Makefile
config.status:746: creating src/fe-common/core/Makefile
config.status:746: creating src/fe-common/irc/Makefile
config.status:746: creating src/fe-common/irc/dcc/Makefile
config.status:746: creating src/fe-common/irc/notifylist/Makefile
config.status:746: creating src/fe-none/Makefile
config.status:746: creating src/fe-text/Makefile
config.status:746: creating src/lib-config/Makefile
config.status:746: creating src/lib-popt/Makefile
config.status:746: creating src/perl/Makefile
config.status:746: creating src/perl/common/Makefile.PL
config.status:746: creating src/perl/irc/Makefile.PL
config.status:746: creating src/perl/ui/Makefile.PL
config.status:746: creating src/perl/textui/Makefile.PL
config.status:746: creating scripts/Makefile
config.status:746: creating scripts/examples/Makefile
config.status:746: creating docs/Makefile
config.status:746: creating docs/help/Makefile
config.status:746: creating docs/help/in/Makefile
config.status:746: creating irssi-version.h
config.status:746: creating stamp.h
config.status:746: creating irssi.spec
config.status:746: creating irssi-config
config.status:850: creating config.h
config.status:1125: executing default-1 commands

## ---------------- ##
## Cache variables. ##
## ---------------- ##

ac_cv_build=powerpc-apple-darwin8.2.0
ac_cv_build_alias=powerpc-apple-darwin8.2.0
ac_cv_c_compiler_gnu=yes
ac_cv_cxx_compiler_gnu=yes
ac_cv_env_CC_set=
ac_cv_env_CC_value=
ac_cv_env_CFLAGS_set=
ac_cv_env_CFLAGS_value=
ac_cv_env_CPPFLAGS_set=
ac_cv_env_CPPFLAGS_value=
ac_cv_env_CPP_set=
ac_cv_env_CPP_value=
ac_cv_env_CXXCPP_set=
ac_cv_env_CXXCPP_value=
ac_cv_env_CXXFLAGS_set=
ac_cv_env_CXXFLAGS_value=
ac_cv_env_CXX_set=
ac_cv_env_CXX_value=
ac_cv_env_F77_set=
ac_cv_env_F77_value=
ac_cv_env_FFLAGS_set=
ac_cv_env_FFLAGS_value=
ac_cv_env_LDFLAGS_set=
ac_cv_env_LDFLAGS_value=
ac_cv_env_build_alias_set=
ac_cv_env_build_alias_value=
ac_cv_env_host_alias_set=
ac_cv_env_host_alias_value=
ac_cv_env_target_alias_set=
ac_cv_env_target_alias_value=
ac_cv_exeext=
ac_cv_f77_compiler_gnu=no
ac_cv_func_fcntl=yes
ac_cv_func_inet_addr=yes
ac_cv_func_mkfifo=yes
ac_cv_func_nl_langinfo=yes
ac_cv_func_socket=yes
ac_cv_header_dirent_h=yes
ac_cv_header_dlfcn_h=yes
ac_cv_header_inttypes_h=yes
ac_cv_header_memory_h=yes
ac_cv_header_openssl_err_h=yes
ac_cv_header_openssl_ssl_h=yes
ac_cv_header_regex_h=yes
ac_cv_header_stdc=yes
ac_cv_header_stdint_h=yes
ac_cv_header_stdlib_h=yes
ac_cv_header_string_h=yes
ac_cv_header_strings_h=yes
ac_cv_header_sys_ioctl_h=yes
ac_cv_header_sys_resource_h=yes
ac_cv_header_sys_stat_h=yes
ac_cv_header_sys_time_h=yes
ac_cv_header_sys_types_h=yes
ac_cv_header_sys_utsname_h=yes
ac_cv_header_unistd_h=yes
ac_cv_host=powerpc-apple-darwin8.2.0
ac_cv_host_alias=powerpc-apple-darwin8.2.0
ac_cv_lib_cposix_strerror=no
ac_cv_lib_ssl_SSL_read=yes
ac_cv_objext=o
ac_cv_path_PKG_CONFIG=/sw/bin/pkg-config
ac_cv_path_install='/usr/bin/install -c'
ac_cv_path_perlpath=/usr/bin/perl
ac_cv_path_sedpath=/usr/bin/sed
ac_cv_prog_CPP='gcc -E'
ac_cv_prog_CXXCPP='g++ -E'
ac_cv_prog_ac_ct_AR=ar
ac_cv_prog_ac_ct_CC=gcc
ac_cv_prog_ac_ct_CXX=g++
ac_cv_prog_ac_ct_RANLIB=ranlib
ac_cv_prog_ac_ct_STRIP=strip
ac_cv_prog_cc_g=yes
ac_cv_prog_cc_stdc=
ac_cv_prog_cxx_g=yes
ac_cv_prog_egrep='grep -E'
ac_cv_prog_f77_g=no
ac_cv_prog_make_make_set=yes
ac_cv_sizeof_int=4
ac_cv_sizeof_long=4
ac_cv_sizeof_long_long=8
ac_cv_type_int=yes
ac_cv_type_long=yes
ac_cv_type_long_long=yes
irssi_cv_type_in6_addr=yes
irssi_cv_type_socklen_t=yes
lt_cv_deplibs_check_method=pass_all
lt_cv_file_magic_cmd='$MAGIC_CMD'
lt_cv_file_magic_test_file=
lt_cv_ld_reload_flag=-r
lt_cv_objdir=.libs
lt_cv_path_LD=/usr/bin/ld
lt_cv_path_LDCXX=/usr/bin/ld
lt_cv_path_NM='/usr/bin/nm -p'
lt_cv_path_SED=/usr/bin/sed
lt_cv_prog_compiler_c_o=yes
lt_cv_prog_compiler_c_o_CXX=yes
lt_cv_prog_compiler_rtti_exceptions=no
lt_cv_prog_gnu_ld=no
lt_cv_prog_gnu_ldcxx=no
lt_cv_sys_global_symbol_pipe='sed -n -e '\''s/^.*[ 	]\([BCDEGRST][BCDEGRST]*\)[ 	][ 	]*\(_\)\([_A-Za-z][_A-Za-z0-9]*\)$/\1 \2\3 \3/p'\'''
lt_cv_sys_global_symbol_to_c_name_address='sed -n -e '\''s/^: \([^ ]*\) $/  {\"\1\", (lt_ptr) 0},/p'\'' -e '\''s/^[BCDEGRST] \([^ ]*\) \([^ ]*\)$/  {"\2", (lt_ptr) \&\2},/p'\'''
lt_cv_sys_global_symbol_to_cdecl='sed -n -e '\''s/^. .* \(.*\)$/extern int \1;/p'\'''
lt_cv_sys_max_cmd_len=65536
lt_lt_cv_prog_compiler_c_o='"yes"'
lt_lt_cv_prog_compiler_c_o_CXX='"yes"'
lt_lt_cv_sys_global_symbol_pipe='"sed -n -e '\''s/^.*[ 	]\\([BCDEGRST][BCDEGRST]*\\)[ 	][ 	]*\\(_\\)\\([_A-Za-z][_A-Za-z0-9]*\\)\$/\\1 \\2\\3 \\3/p'\''"'
lt_lt_cv_sys_global_symbol_to_c_name_address='"sed -n -e '\''s/^: \\([^ ]*\\) \$/  {\\\"\\1\\\", (lt_ptr) 0},/p'\'' -e '\''s/^[BCDEGRST] \\([^ ]*\\) \\([^ ]*\\)\$/  {\"\\2\", (lt_ptr) \\&\\2},/p'\''"'
lt_lt_cv_sys_global_symbol_to_cdecl='"sed -n -e '\''s/^. .* \\(.*\\)\$/extern int \\1;/p'\''"'

## ----------------- ##
## Output variables. ##
## ----------------- ##

ACLOCAL='/Users/kolis/Projects/MacIrssi/irssi-0.8.9/missing aclocal-1.4'
AR='ar'
AUTOCONF='autoconf'
AUTOHEADER='autoheader'
AUTOMAKE='/Users/kolis/Projects/MacIrssi/irssi-0.8.9/missing automake-1.4'
BUILD_IRSSIBOT_FALSE=''
BUILD_IRSSIBOT_TRUE='#'
BUILD_IRSSIPROXY_FALSE='#'
BUILD_IRSSIPROXY_TRUE=''
BUILD_PLUGINS_FALSE=''
BUILD_PLUGINS_TRUE='#'
BUILD_TEXTUI_FALSE=''
BUILD_TEXTUI_TRUE='#'
CC='gcc'
CFLAGS='-g -O2 -Wall'
CHAT_MODULES='irc'
COMMON_LIBS='../fe-common/irc/libfe_common_irc.a ../fe-common/irc/dcc/libfe_irc_dcc.a ../fe-common/irc/notifylist/libfe_irc_notifylist.a ../fe-common/core/libfe_common_core.a  ../irc/libirc.a ../irc/core/libirc_core.a ../irc/dcc/libirc_dcc.a ../irc/flood/libirc_flood.a ../irc/notifylist/libirc_notifylist.a ../core/libcore.a ../lib-config/libirssi_config.a ../lib-popt/libpopt.a'
COMMON_NOUI_LIBS=' ../irc/libirc.a ../irc/core/libirc_core.a ../irc/dcc/libirc_dcc.a ../irc/flood/libirc_flood.a ../irc/notifylist/libirc_notifylist.a ../core/libcore.a ../lib-config/libirssi_config.a ../lib-popt/libpopt.a'
CPP='gcc -E'
CPPFLAGS=''
CURSES_INCLUDEDIR=''
CURSES_LIBS=''
CXX='g++'
CXXCPP='g++ -E'
CXXFLAGS='-g -O2'
DEFS='-DHAVE_CONFIG_H'
DYNALOADER_A=''
ECHO='echo'
ECHO_C=''
ECHO_N='-n'
ECHO_T=''
EGREP='grep -E'
EXEEXT=''
F77=''
FFLAGS=''
GLIB_CFLAGS='-I/sw/include/glib-2.0 -I/sw/lib/glib-2.0/include  '
GLIB_CONFIG=''
GLIB_GENMARSHAL='glib-genmarshal'
GLIB_LIBS='-L/sw/lib -lgmodule-2.0 -lglib-2.0 -lintl -liconv  '
GLIB_MKENUMS='glib-mkenums'
GOBJECT_QUERY='gobject-query'
HAVE_PERL_FALSE='#'
HAVE_PERL_TRUE=''
HAVE_STATIC_PERL_FALSE='#'
HAVE_STATIC_PERL_TRUE=''
INSTALL_DATA='${INSTALL} -m 644'
INSTALL_PROGRAM='${INSTALL}'
INSTALL_SCRIPT='${INSTALL}'
LDFLAGS=''
LIBOBJS=''
LIBPERL_A=''
LIBS=''
LIBTOOL='$(SHELL) $(top_builddir)/libtool'
LN_S='ln -s'
LTLIBOBJS=''
MAINT='#'
MAINTAINER_MODE_FALSE=''
MAINTAINER_MODE_TRUE='#'
MAKEINFO='makeinfo'
NEED_TPARM_FALSE=''
NEED_TPARM_TRUE='#'
OBJEXT='o'
PACKAGE='irssi'
PACKAGE_BUGREPORT=''
PACKAGE_NAME=''
PACKAGE_STRING=''
PACKAGE_TARNAME=''
PACKAGE_VERSION=''
PATH_SEPARATOR=':'
PERL_CFLAGS='-g -pipe -fno-common -DPERL_DARWIN -no-cpp-precomp -fno-strict-aliasing -I/usr/local/include -I/System/Library/Perl/5.8.6/darwin-thread-multi-2level/CORE'
PERL_EXTRA_OPTS='CCCDLFLAGS="-fPIC"'
PERL_FE_LINK_LIBS='../perl/libfe_perl_static.la'
PERL_LDFLAGS=''
PERL_LIBTOOL='$(SHELL) $(top_builddir)/libtool'
PERL_LINK_FLAGS='-L/usr/local/lib /System/Library/Perl/5.8.6/darwin-thread-multi-2level/auto/DynaLoader/DynaLoader.a -L/System/Library/Perl/5.8.6/darwin-thread-multi-2level/CORE -lperl -ldl -lm'
PERL_LINK_LIBS='../perl/libperl_core_static.la'
PERL_MM_PARAMS=''
PERL_STATIC_LIBS='0'
PERL_USE_LIB=''
PKG_CONFIG='/sw/bin/pkg-config'
PROG_LIBS=' -L/sw/lib -lgmodule-2.0 -lglib-2.0 -lintl -liconv   -lssl -lcrypto'
RANLIB='ranlib'
SET_MAKE=''
SHELL='/bin/sh'
SSL_CFLAGS=''
SSL_LIBS='-lssl -lcrypto'
STRIP='strip'
TEXTUI_LIBS=''
USE_CURSES_FALSE=''
USE_CURSES_TRUE='#'
VERSION='0.8.9'
VERSION_DATE='20031210'
VERSION_TIME='2316'
ac_ct_AR='ar'
ac_ct_CC='gcc'
ac_ct_CXX='g++'
ac_ct_F77=''
ac_ct_RANLIB='ranlib'
ac_ct_STRIP='strip'
bindir='${exec_prefix}/bin'
build='powerpc-apple-darwin8.2.0'
build_alias=''
build_cpu='powerpc'
build_os='darwin8.2.0'
build_vendor='apple'
datadir='${prefix}/share'
exec_prefix='${prefix}'
host='powerpc-apple-darwin8.2.0'
host_alias=''
host_cpu='powerpc'
host_os='darwin8.2.0'
host_vendor='apple'
includedir='${prefix}/include'
infodir='${prefix}/info'
irc_MODULES='dcc flood notifylist'
libdir='${exec_prefix}/lib'
libexecdir='${exec_prefix}/libexec'
localstatedir='${prefix}/var'
mandir='${prefix}/man'
oldincludedir='/usr/include'
perl_module_fe_lib=''
perl_module_lib=''
perl_static_fe_lib='libfe_perl_static.la'
perl_static_lib='libperl_core_static.la'
perlpath='/usr/bin/perl'
prefix='/usr/local'
program_transform_name='s,x,x,'
sbindir='${exec_prefix}/sbin'
sedpath='/usr/bin/sed'
sharedstatedir='${prefix}/com'
sysconfdir='${prefix}/etc'
target_alias=''

## ----------- ##
## confdefs.h. ##
## ----------- ##

#define HAVE_DIRENT_H 1
#define HAVE_DLFCN_H 1
#define HAVE_FCNTL 1
#define HAVE_GMODULE 1
#define HAVE_INTTYPES_H 1
#define HAVE_IPV6 1
#define HAVE_MEMORY_H 1
#define HAVE_MKFIFO 1
#define HAVE_NL_LANGINFO 1
#define HAVE_OPENSSL
#define HAVE_OPENSSL_ERR_H 1
#define HAVE_OPENSSL_SSL_H 1
#define HAVE_PL_PERL 1
#define HAVE_REGEX_H 1
#define HAVE_STATIC_PERL 1
#define HAVE_STDINT_H 1
#define HAVE_STDLIB_H 1
#define HAVE_STDLIB_H 1
#define HAVE_STRINGS_H 1
#define HAVE_STRING_H 1
#define HAVE_STRING_H 1
#define HAVE_SYS_IOCTL_H 1
#define HAVE_SYS_RESOURCE_H 1
#define HAVE_SYS_STAT_H 1
#define HAVE_SYS_TIME_H 1
#define HAVE_SYS_TYPES_H 1
#define HAVE_SYS_UTSNAME_H 1
#define HAVE_UNISTD_H 1
#define HAVE_UNISTD_H 1
#define PACKAGE "irssi"
#define PACKAGE_BUGREPORT ""
#define PACKAGE_NAME ""
#define PACKAGE_STRING ""
#define PACKAGE_TARNAME ""
#define PACKAGE_VERSION ""
#define PRIuUOFF_T "llu"
#define SIZEOF_INT 4
#define SIZEOF_LONG 4
#define SIZEOF_LONG_LONG 8
#define STDC_HEADERS 1
#define UOFF_T_LONG_LONG 1
#define VERSION "0.8.9"
#define _FILE_OFFSET_BITS 64
#endif
#ifdef __cplusplus
#include <stdlib.h>

configure: exit 0
